Copyright 1986-2019 Xilinx, Inc. All Rights Reserved.
-------------------------------------------------------------------------------------------------------------------------------
| Tool Version     : Vivado v.2019.1 (win64) Build 2552052 Fri May 24 14:49:42 MDT 2019
| Date             : Sun Dec 21 13:28:26 2025
| Host             : zwfpc running 64-bit major release  (build 9200)
| Command          : report_power -file SOC_power_routed.rpt -pb SOC_power_summary_routed.pb -rpx SOC_power_routed.rpx
| Design           : SOC
| Device           : xc7a35tcpg236-1
| Design State     : routed
| Grade            : commercial
| Process          : typical
| Characterization : Production
-------------------------------------------------------------------------------------------------------------------------------

Power Report

Table of Contents
-----------------
1. Summary
1.1 On-Chip Components
1.2 Power Supply Summary
1.3 Confidence Level
2. Settings
2.1 Environment
2.2 Clock Constraints
3. Detailed Reports
3.1 By Hierarchy

1. Summary
----------

+--------------------------+--------------+
| Total On-Chip Power (W)  | 0.307        |
| Design Power Budget (W)  | Unspecified* |
| Power Budget Margin (W)  | NA           |
| Dynamic (W)              | 0.234        |
| Device Static (W)        | 0.073        |
| Effective TJA (C/W)      | 5.0          |
| Max Ambient (C)          | 83.5         |
| Junction Temperature (C) | 26.5         |
| Confidence Level         | Low          |
| Setting File             | ---          |
| Simulation Activity File | ---          |
| Design Nets Matched      | NA           |
+--------------------------+--------------+
* Specify Design Power Budget using, set_operating_conditions -design_power_budget <value in Watts>


1.1 On-Chip Components
----------------------

+----------------+-----------+----------+-----------+-----------------+
| On-Chip        | Power (W) | Used     | Available | Utilization (%) |
+----------------+-----------+----------+-----------+-----------------+
| Clocks         |     0.002 |        5 |       --- |             --- |
| Slice Logic    |     0.032 |    33572 |       --- |             --- |
|   LUT as Logic |     0.027 |    10965 |     20800 |           52.72 |
|   Register     |     0.005 |    18506 |     41600 |           44.49 |
|   F7/F8 Muxes  |    <0.001 |     2847 |     32600 |            8.73 |
|   CARRY4       |    <0.001 |      503 |      8150 |            6.17 |
|   BUFG         |    <0.001 |       12 |        32 |           37.50 |
|   Others       |     0.000 |       92 |       --- |             --- |
| Signals        |     0.069 |    27227 |       --- |             --- |
| Block RAM      |     0.006 |       21 |        50 |           42.00 |
| MMCM           |     0.116 |        1 |         5 |           20.00 |
| DSPs           |    <0.001 |        5 |        90 |            5.56 |
| I/O            |     0.009 |       46 |       106 |           43.40 |
| Static Power   |     0.073 |          |           |                 |
| Total          |     0.307 |          |           |                 |
+----------------+-----------+----------+-----------+-----------------+


1.2 Power Supply Summary
------------------------

+-----------+-------------+-----------+-------------+------------+
| Source    | Voltage (V) | Total (A) | Dynamic (A) | Static (A) |
+-----------+-------------+-----------+-------------+------------+
| Vccint    |       1.000 |     0.119 |       0.109 |      0.010 |
| Vccaux    |       1.800 |     0.077 |       0.065 |      0.013 |
| Vcco33    |       3.300 |     0.003 |       0.002 |      0.001 |
| Vcco25    |       2.500 |     0.000 |       0.000 |      0.000 |
| Vcco18    |       1.800 |     0.000 |       0.000 |      0.000 |
| Vcco15    |       1.500 |     0.000 |       0.000 |      0.000 |
| Vcco135   |       1.350 |     0.000 |       0.000 |      0.000 |
| Vcco12    |       1.200 |     0.000 |       0.000 |      0.000 |
| Vccaux_io |       1.800 |     0.000 |       0.000 |      0.000 |
| Vccbram   |       1.000 |     0.001 |       0.001 |      0.001 |
| MGTAVcc   |       1.000 |     0.000 |       0.000 |      0.000 |
| MGTAVtt   |       1.200 |     0.000 |       0.000 |      0.000 |
| Vccadc    |       1.800 |     0.020 |       0.000 |      0.020 |
+-----------+-------------+-----------+-------------+------------+


1.3 Confidence Level
--------------------

+-----------------------------+------------+--------------------------------------------------------+--------------------------------------------------------------------------------------------------------------------+
| User Input Data             | Confidence | Details                                                | Action                                                                                                             |
+-----------------------------+------------+--------------------------------------------------------+--------------------------------------------------------------------------------------------------------------------+
| Design implementation state | High       | Design is routed                                       |                                                                                                                    |
| Clock nodes activity        | Low        | User specified less than 75% of clocks                 | Provide missing clock activity with a constraint file, simulation results or by editing the "By Clock Domain" view |
| I/O nodes activity          | Low        | More than 75% of inputs are missing user specification | Provide missing input activity with simulation results or by editing the "By Resource Type -> I/Os" view           |
| Internal nodes activity     | Medium     | User specified less than 25% of internal nodes         | Provide missing internal nodes activity with simulation results or by editing the "By Resource Type" views         |
| Device models               | High       | Device models are Production                           |                                                                                                                    |
|                             |            |                                                        |                                                                                                                    |
| Overall confidence level    | Low        |                                                        |                                                                                                                    |
+-----------------------------+------------+--------------------------------------------------------+--------------------------------------------------------------------------------------------------------------------+


2. Settings
-----------

2.1 Environment
---------------

+-----------------------+--------------------------+
| Ambient Temp (C)      | 25.0                     |
| ThetaJA (C/W)         | 5.0                      |
| Airflow (LFM)         | 250                      |
| Heat Sink             | medium (Medium Profile)  |
| ThetaSA (C/W)         | 4.6                      |
| Board Selection       | medium (10"x10")         |
| # of Board Layers     | 12to15 (12 to 15 Layers) |
| Board Temperature (C) | 25.0                     |
+-----------------------+--------------------------+


2.2 Clock Constraints
---------------------

+-------------------+------------------------------+-----------------+
| Clock             | Domain                       | Constraint (ns) |
+-------------------+------------------------------+-----------------+
| CLK               | CLK                          |            10.0 |
| clk_out1_VGAClock | clk60/inst/clk_out1_VGAClock |            40.0 |
| clkfbout_VGAClock | clk60/inst/clkfbout_VGAClock |            10.0 |
+-------------------+------------------------------+-----------------+


3. Detailed Reports
-------------------

3.1 By Hierarchy
----------------

+---------------+-----------+
| Name          | Power (W) |
+---------------+-----------+
| SOC           |     0.234 |
|   clk60       |     0.116 |
|     inst      |     0.116 |
|   console     |     0.088 |
|     design1   |     0.003 |
|       fontrom |     0.002 |
|     stream    |     0.085 |
|   cpuRam      |     0.004 |
|     ram1      |     0.004 |
|       U0      |     0.004 |
|   stdOutRam   |     0.015 |
|     stdOutRam |     0.015 |
|       U0      |     0.015 |
+---------------+-----------+


