Copyright 1986-2019 Xilinx, Inc. All Rights Reserved.
------------------------------------------------------------------------------------
| Tool Version : Vivado v.2019.1 (win64) Build 2552052 Fri May 24 14:49:42 MDT 2019
| Date         : Sun Dec 21 13:28:27 2025
| Host         : zwfpc running 64-bit major release  (build 9200)
| Command      : report_clock_utilization -file SOC_clock_utilization_routed.rpt
| Design       : SOC
| Device       : 7a35t-cpg236
| Speed File   : -1  PRODUCTION 1.23 2018-06-13
| Design State : Routed
------------------------------------------------------------------------------------

Clock Utilization Report

Table of Contents
-----------------
1. Clock Primitive Utilization
2. Global Clock Resources
3. Global Clock Source Details
4. Local Clock Details
5. Clock Regions: Key Resource Utilization
6. Clock Regions : Global Clock Summary
7. Device Cell Placement Summary for Global Clock g0
8. Device Cell Placement Summary for Global Clock g1
9. Device Cell Placement Summary for Global Clock g2
10. Device Cell Placement Summary for Global Clock g3
11. Device Cell Placement Summary for Global Clock g4
12. Device Cell Placement Summary for Global Clock g5
13. Device Cell Placement Summary for Global Clock g6
14. Device Cell Placement Summary for Global Clock g7
15. Device Cell Placement Summary for Global Clock g8
16. Device Cell Placement Summary for Global Clock g9
17. Device Cell Placement Summary for Global Clock g10
18. Device Cell Placement Summary for Global Clock g11
19. Device Cell Placement Summary for Global Clock g12
20. Device Cell Placement Summary for Global Clock g13
21. Clock Region Cell Placement per Global Clock: Region X0Y0
22. Clock Region Cell Placement per Global Clock: Region X1Y0
23. Clock Region Cell Placement per Global Clock: Region X0Y1
24. Clock Region Cell Placement per Global Clock: Region X1Y1
25. Clock Region Cell Placement per Global Clock: Region X0Y2
26. Clock Region Cell Placement per Global Clock: Region X1Y2

1. Clock Primitive Utilization
------------------------------

+----------+------+-----------+-----+--------------+--------+
| Type     | Used | Available | LOC | Clock Region | Pblock |
+----------+------+-----------+-----+--------------+--------+
| BUFGCTRL |   14 |        32 |   0 |            0 |      0 |
| BUFH     |    0 |        72 |   0 |            0 |      0 |
| BUFIO    |    0 |        20 |   0 |            0 |      0 |
| BUFMR    |    0 |        10 |   0 |            0 |      0 |
| BUFR     |    0 |        20 |   0 |            0 |      0 |
| MMCM     |    1 |         5 |   0 |            0 |      0 |
| PLL      |    0 |         5 |   0 |            0 |      0 |
+----------+------+-----------+-----+--------------+--------+


2. Global Clock Resources
-------------------------

+-----------+-----------+-----------------+------------+----------------+--------------+-------------------+-------------+-----------------+--------------+-------------------+--------------------------+----------------------------------+
| Global Id | Source Id | Driver Type/Pin | Constraint | Site           | Clock Region | Load Clock Region | Clock Loads | Non-Clock Loads | Clock Period | Clock             | Driver Pin               | Net                              |
+-----------+-----------+-----------------+------------+----------------+--------------+-------------------+-------------+-----------------+--------------+-------------------+--------------------------+----------------------------------+
| g0        | src0      | BUFG/O          | None       | BUFGCTRL_X0Y0  | n/a          |                 6 |       16470 |               1 |              |                   | lastEdit_reg_i_2/O       | stream/p_2_in                    |
| g1        | src1      | BUFG/O          | None       | BUFGCTRL_X0Y1  | n/a          |                 2 |        1077 |               1 |              |                   | clks_BUFG[2]_inst/O      | clks_BUFG[2]                     |
| g2        | src2      | BUFG/O          | None       | BUFGCTRL_X0Y2  | n/a          |                 6 |         445 |               0 |       40.000 | clk_out1_VGAClock | clk60/inst/clkout1_buf/O | clk60/inst/clk_out1              |
| g3        | src3      | BUFG/O          | None       | BUFGCTRL_X0Y3  | n/a          |                 2 |         119 |               0 |              |                   | n_0_11615_BUFG_inst/O    | n_0_11615_BUFG                   |
| g4        | src4      | BUFG/O          | None       | BUFGCTRL_X0Y4  | n/a          |                 2 |          64 |               0 |              |                   | n_1_11209_BUFG_inst/O    | n_1_11209_BUFG                   |
| g5        | src5      | BUFG/O          | None       | BUFGCTRL_X0Y5  | n/a          |                 1 |          35 |               0 |              |                   | n_4_10306_BUFG_inst/O    | n_4_10306_BUFG                   |
| g6        | src6      | BUFG/O          | None       | BUFGCTRL_X0Y6  | n/a          |                 1 |          32 |               0 |              |                   | n_2_12531_BUFG_inst/O    | n_2_12531_BUFG                   |
| g7        | src7      | BUFG/O          | None       | BUFGCTRL_X0Y7  | n/a          |                 1 |          32 |               0 |              |                   | n_3_11325_BUFG_inst/O    | n_3_11325_BUFG                   |
| g8        | src8      | BUFG/O          | None       | BUFGCTRL_X0Y8  | n/a          |                 1 |          32 |               0 |              |                   | n_5_11323_BUFG_inst/O    | n_5_11323_BUFG                   |
| g9        | src9      | BUFG/O          | None       | BUFGCTRL_X0Y9  | n/a          |                 1 |          32 |               0 |              |                   | n_6_10303_BUFG_inst/O    | n_6_10303_BUFG                   |
| g10       | src10     | BUFG/O          | None       | BUFGCTRL_X0Y10 | n/a          |                 1 |          32 |               0 |              |                   | n_7_11195_BUFG_inst/O    | n_7_11195_BUFG                   |
| g11       | src11     | BUFG/O          | None       | BUFGCTRL_X0Y11 | n/a          |                 1 |          32 |               0 |              |                   | n_8_11766_BUFG_inst/O    | n_8_11766_BUFG                   |
| g12       | src12     | BUFG/O          | None       | BUFGCTRL_X0Y12 | n/a          |                 1 |          32 |               0 |              |                   | n_9_11324_BUFG_inst/O    | n_9_11324_BUFG                   |
| g13       | src2      | BUFG/O          | None       | BUFGCTRL_X0Y13 | n/a          |                 1 |           1 |               0 |       10.000 | clkfbout_VGAClock | clk60/inst/clkf_buf/O    | clk60/inst/clkfbout_buf_VGAClock |
+-----------+-----------+-----------------+------------+----------------+--------------+-------------------+-------------+-----------------+--------------+-------------------+--------------------------+----------------------------------+
* Clock Loads column represents the clock pin loads (pin count)
** Non-Clock Loads column represents the non-clock pin loads (pin count)


3. Global Clock Source Details
------------------------------

+-----------+-----------+---------------------+------------+-----------------+--------------+-------------+-----------------+---------------------+-------------------+------------------------------------------------+----------------------------------------------+
| Source Id | Global Id | Driver Type/Pin     | Constraint | Site            | Clock Region | Clock Loads | Non-Clock Loads | Source Clock Period | Source Clock      | Driver Pin                                     | Net                                          |
+-----------+-----------+---------------------+------------+-----------------+--------------+-------------+-----------------+---------------------+-------------------+------------------------------------------------+----------------------------------------------+
| src0      | g0        | FDCE/Q              | None       | SLICE_X34Y47    | X0Y0         |           1 |               2 |                     |                   | console/stream/clks_reg[2]/Q                   | console/stream/CLK                           |
| src1      | g1        | FDCE/Q              | None       | SLICE_X36Y40    | X1Y0         |           1 |               0 |                     |                   | clks_reg[2]/Q                                  | clks[2]                                      |
| src2      | g2        | MMCME2_ADV/CLKOUT0  | None       | MMCME2_ADV_X1Y0 | X1Y0         |           1 |               0 |              40.000 | clk_out1_VGAClock | clk60/inst/mmcm_adv_inst/CLKOUT0               | clk60/inst/clk_out1_VGAClock                 |
| src2      | g13       | MMCME2_ADV/CLKFBOUT | None       | MMCME2_ADV_X1Y0 | X1Y0         |           1 |               0 |              10.000 | clkfbout_VGAClock | clk60/inst/mmcm_adv_inst/CLKFBOUT              | clk60/inst/clkfbout_VGAClock                 |
| src3      | g3        | LUT6/O              | None       | SLICE_X36Y44    | X1Y0         |           1 |              11 |                     |                   | cpuTop/excuteMemory/n_0_11615_BUFG_inst_i_1/O  | cpuTop/excuteMemory/mAluOp_reg[2]_0          |
| src4      | g4        | LUT5/O              | None       | SLICE_X36Y45    | X1Y0         |           1 |               0 |                     |                   | cpuTop/division/n_1_11209_BUFG_inst_i_1/O      | cpuTop/division/n_1_11209_BUFG_inst_n_2      |
| src5      | g5        | LUT5/O              | None       | SLICE_X36Y44    | X1Y0         |           1 |               0 |                     |                   | cpuTop/fetchDecode/n_4_10306_BUFG_inst_i_1/O   | cpuTop/fetchDecode/n_4_10306_BUFG_inst_n_5   |
| src6      | g6        | LUT5/O              | None       | SLICE_X41Y31    | X1Y0         |           1 |              30 |                     |                   | cpuTop/excuteMemory/n_2_12531_BUFG_inst_i_1/O  | cpuTop/excuteMemory/rxMemEnable_reg          |
| src7      | g7        | LUT6/O              | None       | SLICE_X36Y44    | X1Y0         |           1 |               4 |                     |                   | cpuTop/decodeExecute/n_3_11325_BUFG_inst_i_1/O | cpuTop/decodeExecute/eAluSel_reg[3]_1        |
| src8      | g8        | LUT5/O              | None       | SLICE_X36Y45    | X1Y0         |           1 |               0 |                     |                   | cpuTop/division/n_5_11323_BUFG_inst_i_1/O      | cpuTop/division/n_5_11323_BUFG_inst_n_6      |
| src9      | g9        | LUT6/O              | None       | SLICE_X36Y44    | X1Y0         |           1 |               0 |                     |                   | cpuTop/fetchDecode/n_6_10303_BUFG_inst_i_1/O   | cpuTop/fetchDecode/n_6_10303_BUFG_inst_n_7   |
| src10     | g10       | LUT6/O              | None       | SLICE_X35Y44    | X0Y0         |           1 |               0 |                     |                   | cpuTop/decodeExecute/n_7_11195_BUFG_inst_i_1/O | cpuTop/decodeExecute/n_7_11195_BUFG_inst_n_8 |
| src11     | g11       | LUT5/O              | None       | SLICE_X41Y31    | X1Y0         |           1 |               0 |                     |                   | cpuTop/excuteMemory/n_8_11766_BUFG_inst_i_1/O  | cpuTop/excuteMemory/n_8_11766_BUFG_inst_n_9  |
| src12     | g12       | LUT5/O              | None       | SLICE_X36Y45    | X1Y0         |           1 |               0 |                     |                   | cpuTop/division/n_9_11324_BUFG_inst_i_1/O      | cpuTop/division/n_9_11324_BUFG_inst_n_10     |
+-----------+-----------+---------------------+------------+-----------------+--------------+-------------+-----------------+---------------------+-------------------+------------------------------------------------+----------------------------------------------+
* Clock Loads column represents the clock pin loads (pin count)
** Non-Clock Loads column represents the non-clock pin loads (pin count)


4. Local Clock Details
----------------------

+----------+-----------------+------------+------------------+--------------+-------------+-----------------+--------------+-------+----------------+----------+
| Local Id | Driver Type/Pin | Constraint | Site/BEL         | Clock Region | Clock Loads | Non-Clock Loads | Clock Period | Clock | Driver Pin     | Net      |
+----------+-----------------+------------+------------------+--------------+-------------+-----------------+--------------+-------+----------------+----------||
| 0        | FDCE/Q          | None       | SLICE_X36Y43/CFF | X1Y0         |          10 |               1 |              |       | clks_reg[15]/Q | clks[15] - Static -
+----------+-----------------+------------+------------------+--------------+-------------+-----------------+--------------+-------+----------------+----------||
* Local Clocks in this context represents only clocks driven by non-global buffers
** Clock Loads column represents the clock pin loads (pin count)
*** Non-Clock Loads column represents the non-clock pin loads (pin count)


5. Clock Regions: Key Resource Utilization
------------------------------------------

+-------------------+--------------+--------------+--------------+--------------+--------------+--------------+--------------+--------------+--------------+--------------+--------------+--------------+--------------+--------------+--------------+
|                   | Global Clock |     BUFRs    |    BUFMRs    |    BUFIOs    |     MMCM     |      PLL     |      GT      |      PCI     |    ILOGIC    |    OLOGIC    |      FF      |     LUTM     |    RAMB18    |    RAMB36    |    DSP48E2   |
+-------------------+------+-------+------+-------+------+-------+------+-------+------+-------+------+-------+------+-------+------+-------+------+-------+------+-------+------+-------+------+-------+------+-------+------+-------+------+-------+
| Clock Region Name | Used | Avail | Used | Avail | Used | Avail | Used | Avail | Used | Avail | Used | Avail | Used | Avail | Used | Avail | Used | Avail | Used | Avail | Used | Avail | Used | Avail | Used | Avail | Used | Avail | Used | Avail |
+-------------------+------+-------+------+-------+------+-------+------+-------+------+-------+------+-------+------+-------+------+-------+------+-------+------+-------+------+-------+------+-------+------+-------+------+-------+------+-------+
| X0Y0              |    7 |    12 |    0 |     4 |    0 |     2 |    0 |     4 |    0 |     1 |    0 |     1 |    0 |     0 |    0 |     0 |    0 |    50 |    0 |    50 | 2029 |  1200 |  842 |   400 |    0 |    20 |    9 |    10 |    2 |    20 |
| X1Y0              |   12 |    12 |    0 |     4 |    0 |     2 |    0 |     4 |    1 |     1 |    0 |     1 |    0 |     0 |    0 |     0 |    0 |    50 |    0 |    50 | 1490 |  1500 |  521 |   450 |    0 |    40 |   12 |    20 |    0 |    20 |
| X0Y1              |    2 |    12 |    0 |     4 |    0 |     2 |    0 |     4 |    0 |     1 |    0 |     1 |    0 |     0 |    0 |     0 |    0 |    50 |    0 |    50 | 3568 |  1200 | 1353 |   400 |    0 |    20 |    0 |    10 |    0 |    20 |
| X1Y1              |    2 |    12 |    0 |     4 |    0 |     2 |    0 |     4 |    0 |     1 |    0 |     1 |    0 |     0 |    0 |     0 |    0 |    50 |    0 |    50 | 3709 |  1500 | 1130 |   450 |    0 |    40 |    0 |    20 |    0 |    20 |
| X0Y2              |    2 |    12 |    0 |     4 |    0 |     2 |    0 |     4 |    0 |     1 |    0 |     1 |    0 |     0 |    0 |     0 |    0 |    50 |    0 |    50 | 4761 |  1800 | 1125 |   400 |    0 |    20 |    0 |    10 |    0 |    20 |
| X1Y2              |    2 |    12 |    0 |     0 |    0 |     0 |    0 |     0 |    0 |     0 |    0 |     0 |    0 |     4 |    0 |     1 |    0 |     0 |    0 |     0 | 2401 |   950 |  831 |   300 |    0 |    10 |    0 |     5 |    0 |    20 |
+-------------------+------+-------+------+-------+------+-------+------+-------+------+-------+------+-------+------+-------+------+-------+------+-------+------+-------+------+-------+------+-------+------+-------+------+-------+------+-------+
* Global Clock column represents track count; while other columns represents cell counts


6. Clock Regions : Global Clock Summary
---------------------------------------

All Modules
+----+----+----+
|    | X0 | X1 |
+----+----+----+
| Y2 |  2 |  2 |
| Y1 |  2 |  2 |
| Y0 |  7 | 12 |
+----+----+----+


7. Device Cell Placement Summary for Global Clock g0
----------------------------------------------------

+-----------+-----------------+-------------------+-------+-------------+---------------+-------------+----------+----------------+----------+---------------+
| Global Id | Driver Type/Pin | Driver Region (D) | Clock | Period (ns) | Waveform (ns) | Slice Loads | IO Loads | Clocking Loads | GT Loads | Net           |
+-----------+-----------------+-------------------+-------+-------------+---------------+-------------+----------+----------------+----------+---------------+
| g0        | BUFG/O          | n/a               |       |             |               |       16471 |        0 |              0 |        0 | stream/p_2_in |
+-----------+-----------------+-------------------+-------+-------------+---------------+-------------+----------+----------------+----------+---------------+
* Slice Loads column represents load cell count of all cell types other than IO, GT and clock resources
** IO Loads column represents load cell count of IO types
*** Clocking Loads column represents load cell count that are clock resources (global clock buffer, MMCM, PLL, etc)
**** GT Loads column represents load cell count of GT types


+----+-------+-------+
|    | X0    | X1    |
+----+-------+-------+
| Y2 |  4735 |  2395 |
| Y1 |  3516 |  3693 |
| Y0 |  1765 |   367 |
+----+-------+-------+


8. Device Cell Placement Summary for Global Clock g1
----------------------------------------------------

+-----------+-----------------+-------------------+-------+-------------+---------------+-------------+----------+----------------+----------+--------------+
| Global Id | Driver Type/Pin | Driver Region (D) | Clock | Period (ns) | Waveform (ns) | Slice Loads | IO Loads | Clocking Loads | GT Loads | Net          |
+-----------+-----------------+-------------------+-------+-------------+---------------+-------------+----------+----------------+----------+--------------+
| g1        | BUFG/O          | n/a               |       |             |               |        1078 |        0 |              0 |        0 | clks_BUFG[2] |
+-----------+-----------------+-------------------+-------+-------------+---------------+-------------+----------+----------------+----------+--------------+
* Slice Loads column represents load cell count of all cell types other than IO, GT and clock resources
** IO Loads column represents load cell count of IO types
*** Clocking Loads column represents load cell count that are clock resources (global clock buffer, MMCM, PLL, etc)
**** GT Loads column represents load cell count of GT types


+----+------+------+
|    | X0   | X1   |
+----+------+------+
| Y2 |    0 |    0 |
| Y1 |    0 |    0 |
| Y0 |  162 |  916 |
+----+------+------+


9. Device Cell Placement Summary for Global Clock g2
----------------------------------------------------

+-----------+-----------------+-------------------+-------------------+-------------+----------------+-------------+----------+----------------+----------+---------------------+
| Global Id | Driver Type/Pin | Driver Region (D) | Clock             | Period (ns) | Waveform (ns)  | Slice Loads | IO Loads | Clocking Loads | GT Loads | Net                 |
+-----------+-----------------+-------------------+-------------------+-------------+----------------+-------------+----------+----------------+----------+---------------------+
| g2        | BUFG/O          | n/a               | clk_out1_VGAClock |      40.000 | {0.000 20.000} |         424 |        0 |              0 |        0 | clk60/inst/clk_out1 |
+-----------+-----------------+-------------------+-------------------+-------------+----------------+-------------+----------+----------------+----------+---------------------+
* Slice Loads column represents load cell count of all cell types other than IO, GT and clock resources
** IO Loads column represents load cell count of IO types
*** Clocking Loads column represents load cell count that are clock resources (global clock buffer, MMCM, PLL, etc)
**** GT Loads column represents load cell count of GT types


+----+------+------+
|    | X0   | X1   |
+----+------+------+
| Y2 |   26 |    6 |
| Y1 |   52 |   16 |
| Y0 |  114 |  210 |
+----+------+------+


10. Device Cell Placement Summary for Global Clock g3
-----------------------------------------------------

+-----------+-----------------+-------------------+-------+-------------+---------------+-------------+----------+----------------+----------+----------------+
| Global Id | Driver Type/Pin | Driver Region (D) | Clock | Period (ns) | Waveform (ns) | Slice Loads | IO Loads | Clocking Loads | GT Loads | Net            |
+-----------+-----------------+-------------------+-------+-------------+---------------+-------------+----------+----------------+----------+----------------+
| g3        | BUFG/O          | n/a               |       |             |               |         119 |        0 |              0 |        0 | n_0_11615_BUFG |
+-----------+-----------------+-------------------+-------+-------------+---------------+-------------+----------+----------------+----------+----------------+
* Slice Loads column represents load cell count of all cell types other than IO, GT and clock resources
** IO Loads column represents load cell count of IO types
*** Clocking Loads column represents load cell count that are clock resources (global clock buffer, MMCM, PLL, etc)
**** GT Loads column represents load cell count of GT types


+----+-----+-----+
|    | X0  | X1  |
+----+-----+-----+
| Y2 |   0 |   0 |
| Y1 |   0 |   0 |
| Y0 |  24 |  95 |
+----+-----+-----+


11. Device Cell Placement Summary for Global Clock g4
-----------------------------------------------------

+-----------+-----------------+-------------------+-------+-------------+---------------+-------------+----------+----------------+----------+----------------+
| Global Id | Driver Type/Pin | Driver Region (D) | Clock | Period (ns) | Waveform (ns) | Slice Loads | IO Loads | Clocking Loads | GT Loads | Net            |
+-----------+-----------------+-------------------+-------+-------------+---------------+-------------+----------+----------------+----------+----------------+
| g4        | BUFG/O          | n/a               |       |             |               |          64 |        0 |              0 |        0 | n_1_11209_BUFG |
+-----------+-----------------+-------------------+-------+-------------+---------------+-------------+----------+----------------+----------+----------------+
* Slice Loads column represents load cell count of all cell types other than IO, GT and clock resources
** IO Loads column represents load cell count of IO types
*** Clocking Loads column represents load cell count that are clock resources (global clock buffer, MMCM, PLL, etc)
**** GT Loads column represents load cell count of GT types


+----+-----+-----+
|    | X0  | X1  |
+----+-----+-----+
| Y2 |   0 |   0 |
| Y1 |   0 |   0 |
| Y0 |  31 |  33 |
+----+-----+-----+


12. Device Cell Placement Summary for Global Clock g5
-----------------------------------------------------

+-----------+-----------------+-------------------+-------+-------------+---------------+-------------+----------+----------------+----------+----------------+
| Global Id | Driver Type/Pin | Driver Region (D) | Clock | Period (ns) | Waveform (ns) | Slice Loads | IO Loads | Clocking Loads | GT Loads | Net            |
+-----------+-----------------+-------------------+-------+-------------+---------------+-------------+----------+----------------+----------+----------------+
| g5        | BUFG/O          | n/a               |       |             |               |          35 |        0 |              0 |        0 | n_4_10306_BUFG |
+-----------+-----------------+-------------------+-------+-------------+---------------+-------------+----------+----------------+----------+----------------+
* Slice Loads column represents load cell count of all cell types other than IO, GT and clock resources
** IO Loads column represents load cell count of IO types
*** Clocking Loads column represents load cell count that are clock resources (global clock buffer, MMCM, PLL, etc)
**** GT Loads column represents load cell count of GT types


+----+----+-----+
|    | X0 | X1  |
+----+----+-----+
| Y2 |  0 |   0 |
| Y1 |  0 |   0 |
| Y0 |  0 |  35 |
+----+----+-----+


13. Device Cell Placement Summary for Global Clock g6
-----------------------------------------------------

+-----------+-----------------+-------------------+-------+-------------+---------------+-------------+----------+----------------+----------+----------------+
| Global Id | Driver Type/Pin | Driver Region (D) | Clock | Period (ns) | Waveform (ns) | Slice Loads | IO Loads | Clocking Loads | GT Loads | Net            |
+-----------+-----------------+-------------------+-------+-------------+---------------+-------------+----------+----------------+----------+----------------+
| g6        | BUFG/O          | n/a               |       |             |               |          32 |        0 |              0 |        0 | n_2_12531_BUFG |
+-----------+-----------------+-------------------+-------+-------------+---------------+-------------+----------+----------------+----------+----------------+
* Slice Loads column represents load cell count of all cell types other than IO, GT and clock resources
** IO Loads column represents load cell count of IO types
*** Clocking Loads column represents load cell count that are clock resources (global clock buffer, MMCM, PLL, etc)
**** GT Loads column represents load cell count of GT types


+----+----+-----+
|    | X0 | X1  |
+----+----+-----+
| Y2 |  0 |   0 |
| Y1 |  0 |   0 |
| Y0 |  0 |  32 |
+----+----+-----+


14. Device Cell Placement Summary for Global Clock g7
-----------------------------------------------------

+-----------+-----------------+-------------------+-------+-------------+---------------+-------------+----------+----------------+----------+----------------+
| Global Id | Driver Type/Pin | Driver Region (D) | Clock | Period (ns) | Waveform (ns) | Slice Loads | IO Loads | Clocking Loads | GT Loads | Net            |
+-----------+-----------------+-------------------+-------+-------------+---------------+-------------+----------+----------------+----------+----------------+
| g7        | BUFG/O          | n/a               |       |             |               |          32 |        0 |              0 |        0 | n_3_11325_BUFG |
+-----------+-----------------+-------------------+-------+-------------+---------------+-------------+----------+----------------+----------+----------------+
* Slice Loads column represents load cell count of all cell types other than IO, GT and clock resources
** IO Loads column represents load cell count of IO types
*** Clocking Loads column represents load cell count that are clock resources (global clock buffer, MMCM, PLL, etc)
**** GT Loads column represents load cell count of GT types


+----+----+-----+
|    | X0 | X1  |
+----+----+-----+
| Y2 |  0 |   0 |
| Y1 |  0 |   0 |
| Y0 |  0 |  32 |
+----+----+-----+


15. Device Cell Placement Summary for Global Clock g8
-----------------------------------------------------

+-----------+-----------------+-------------------+-------+-------------+---------------+-------------+----------+----------------+----------+----------------+
| Global Id | Driver Type/Pin | Driver Region (D) | Clock | Period (ns) | Waveform (ns) | Slice Loads | IO Loads | Clocking Loads | GT Loads | Net            |
+-----------+-----------------+-------------------+-------+-------------+---------------+-------------+----------+----------------+----------+----------------+
| g8        | BUFG/O          | n/a               |       |             |               |          32 |        0 |              0 |        0 | n_5_11323_BUFG |
+-----------+-----------------+-------------------+-------+-------------+---------------+-------------+----------+----------------+----------+----------------+
* Slice Loads column represents load cell count of all cell types other than IO, GT and clock resources
** IO Loads column represents load cell count of IO types
*** Clocking Loads column represents load cell count that are clock resources (global clock buffer, MMCM, PLL, etc)
**** GT Loads column represents load cell count of GT types


+----+-----+----+
|    | X0  | X1 |
+----+-----+----+
| Y2 |   0 |  0 |
| Y1 |   0 |  0 |
| Y0 |  32 |  0 |
+----+-----+----+


16. Device Cell Placement Summary for Global Clock g9
-----------------------------------------------------

+-----------+-----------------+-------------------+-------+-------------+---------------+-------------+----------+----------------+----------+----------------+
| Global Id | Driver Type/Pin | Driver Region (D) | Clock | Period (ns) | Waveform (ns) | Slice Loads | IO Loads | Clocking Loads | GT Loads | Net            |
+-----------+-----------------+-------------------+-------+-------------+---------------+-------------+----------+----------------+----------+----------------+
| g9        | BUFG/O          | n/a               |       |             |               |          32 |        0 |              0 |        0 | n_6_10303_BUFG |
+-----------+-----------------+-------------------+-------+-------------+---------------+-------------+----------+----------------+----------+----------------+
* Slice Loads column represents load cell count of all cell types other than IO, GT and clock resources
** IO Loads column represents load cell count of IO types
*** Clocking Loads column represents load cell count that are clock resources (global clock buffer, MMCM, PLL, etc)
**** GT Loads column represents load cell count of GT types


+----+----+-----+
|    | X0 | X1  |
+----+----+-----+
| Y2 |  0 |   0 |
| Y1 |  0 |   0 |
| Y0 |  0 |  32 |
+----+----+-----+


17. Device Cell Placement Summary for Global Clock g10
------------------------------------------------------

+-----------+-----------------+-------------------+-------+-------------+---------------+-------------+----------+----------------+----------+----------------+
| Global Id | Driver Type/Pin | Driver Region (D) | Clock | Period (ns) | Waveform (ns) | Slice Loads | IO Loads | Clocking Loads | GT Loads | Net            |
+-----------+-----------------+-------------------+-------+-------------+---------------+-------------+----------+----------------+----------+----------------+
| g10       | BUFG/O          | n/a               |       |             |               |          32 |        0 |              0 |        0 | n_7_11195_BUFG |
+-----------+-----------------+-------------------+-------+-------------+---------------+-------------+----------+----------------+----------+----------------+
* Slice Loads column represents load cell count of all cell types other than IO, GT and clock resources
** IO Loads column represents load cell count of IO types
*** Clocking Loads column represents load cell count that are clock resources (global clock buffer, MMCM, PLL, etc)
**** GT Loads column represents load cell count of GT types


+----+----+-----+
|    | X0 | X1  |
+----+----+-----+
| Y2 |  0 |   0 |
| Y1 |  0 |   0 |
| Y0 |  0 |  32 |
+----+----+-----+


18. Device Cell Placement Summary for Global Clock g11
------------------------------------------------------

+-----------+-----------------+-------------------+-------+-------------+---------------+-------------+----------+----------------+----------+----------------+
| Global Id | Driver Type/Pin | Driver Region (D) | Clock | Period (ns) | Waveform (ns) | Slice Loads | IO Loads | Clocking Loads | GT Loads | Net            |
+-----------+-----------------+-------------------+-------+-------------+---------------+-------------+----------+----------------+----------+----------------+
| g11       | BUFG/O          | n/a               |       |             |               |          32 |        0 |              0 |        0 | n_8_11766_BUFG |
+-----------+-----------------+-------------------+-------+-------------+---------------+-------------+----------+----------------+----------+----------------+
* Slice Loads column represents load cell count of all cell types other than IO, GT and clock resources
** IO Loads column represents load cell count of IO types
*** Clocking Loads column represents load cell count that are clock resources (global clock buffer, MMCM, PLL, etc)
**** GT Loads column represents load cell count of GT types


+----+----+-----+
|    | X0 | X1  |
+----+----+-----+
| Y2 |  0 |   0 |
| Y1 |  0 |   0 |
| Y0 |  0 |  32 |
+----+----+-----+


19. Device Cell Placement Summary for Global Clock g12
------------------------------------------------------

+-----------+-----------------+-------------------+-------+-------------+---------------+-------------+----------+----------------+----------+----------------+
| Global Id | Driver Type/Pin | Driver Region (D) | Clock | Period (ns) | Waveform (ns) | Slice Loads | IO Loads | Clocking Loads | GT Loads | Net            |
+-----------+-----------------+-------------------+-------+-------------+---------------+-------------+----------+----------------+----------+----------------+
| g12       | BUFG/O          | n/a               |       |             |               |          32 |        0 |              0 |        0 | n_9_11324_BUFG |
+-----------+-----------------+-------------------+-------+-------------+---------------+-------------+----------+----------------+----------+----------------+
* Slice Loads column represents load cell count of all cell types other than IO, GT and clock resources
** IO Loads column represents load cell count of IO types
*** Clocking Loads column represents load cell count that are clock resources (global clock buffer, MMCM, PLL, etc)
**** GT Loads column represents load cell count of GT types


+----+-----+----+
|    | X0  | X1 |
+----+-----+----+
| Y2 |   0 |  0 |
| Y1 |   0 |  0 |
| Y0 |  32 |  0 |
+----+-----+----+


20. Device Cell Placement Summary for Global Clock g13
------------------------------------------------------

+-----------+-----------------+-------------------+-------------------+-------------+---------------+-------------+----------+----------------+----------+----------------------------------+
| Global Id | Driver Type/Pin | Driver Region (D) | Clock             | Period (ns) | Waveform (ns) | Slice Loads | IO Loads | Clocking Loads | GT Loads | Net                              |
+-----------+-----------------+-------------------+-------------------+-------------+---------------+-------------+----------+----------------+----------+----------------------------------+
| g13       | BUFG/O          | n/a               | clkfbout_VGAClock |      10.000 | {0.000 5.000} |           0 |        0 |              1 |        0 | clk60/inst/clkfbout_buf_VGAClock |
+-----------+-----------------+-------------------+-------------------+-------------+---------------+-------------+----------+----------------+----------+----------------------------------+
* Slice Loads column represents load cell count of all cell types other than IO, GT and clock resources
** IO Loads column represents load cell count of IO types
*** Clocking Loads column represents load cell count that are clock resources (global clock buffer, MMCM, PLL, etc)
**** GT Loads column represents load cell count of GT types


+----+----+----+
|    | X0 | X1 |
+----+----+----+
| Y2 |  0 |  0 |
| Y1 |  0 |  0 |
| Y0 |  0 |  1 |
+----+----+----+


21. Clock Region Cell Placement per Global Clock: Region X0Y0
-------------------------------------------------------------

+-----------+-------+-----------------+------------+-------------+-----------------+------+--------+------+-----+----+------+-----+---------+---------------------+
| Global Id | Track | Driver Type/Pin | Constraint | Clock Loads | Non-Clock Loads | FF   | LUTRAM | RAMB | DSP | GT | MMCM | PLL | Hard IP | Net                 |
+-----------+-------+-----------------+------------+-------------+-----------------+------+--------+------+-----+----+------+-----+---------+---------------------+
| g0        | n/a   | BUFG/O          | None       |        1764 |               1 | 1764 |      0 |    0 |   0 |  0 |    0 |   0 |       0 | stream/p_2_in       |
| g1        | n/a   | BUFG/O          | None       |         162 |               0 |  162 |      0 |    0 |   0 |  0 |    0 |   0 |       0 | clks_BUFG[2]        |
| g2        | n/a   | BUFG/O          | None       |         114 |               0 |  103 |      0 |    9 |   2 |  0 |    0 |   0 |       0 | clk60/inst/clk_out1 |
| g3        | n/a   | BUFG/O          | None       |          24 |               0 |    0 |      0 |    0 |   0 |  0 |    0 |   0 |       0 | n_0_11615_BUFG      |
| g4        | n/a   | BUFG/O          | None       |          31 |               0 |    0 |      0 |    0 |   0 |  0 |    0 |   0 |       0 | n_1_11209_BUFG      |
| g8        | n/a   | BUFG/O          | None       |          32 |               0 |    0 |      0 |    0 |   0 |  0 |    0 |   0 |       0 | n_5_11323_BUFG      |
| g12       | n/a   | BUFG/O          | None       |          32 |               0 |    0 |      0 |    0 |   0 |  0 |    0 |   0 |       0 | n_9_11324_BUFG      |
+-----------+-------+-----------------+------------+-------------+-----------------+------+--------+------+-----+----+------+-----+---------+---------------------+
* Clock Loads column represents the clock pin loads (pin count)
** Non-Clock Loads column represents the non-clock pin loads (pin count)
*** Columns FF, LUTRAM, RAMB through 'Hard IP' represents load cell counts


22. Clock Region Cell Placement per Global Clock: Region X1Y0
-------------------------------------------------------------

+-----------+-------+-----------------+------------+-------------+-----------------+-----+--------+------+-----+----+------+-----+---------+----------------------------------+
| Global Id | Track | Driver Type/Pin | Constraint | Clock Loads | Non-Clock Loads | FF  | LUTRAM | RAMB | DSP | GT | MMCM | PLL | Hard IP | Net                              |
+-----------+-------+-----------------+------------+-------------+-----------------+-----+--------+------+-----+----+------+-----+---------+----------------------------------+
| g0        | n/a   | BUFG/O          | None       |         367 |               0 | 367 |      0 |    0 |   0 |  0 |    0 |   0 |       0 | stream/p_2_in                    |
| g1        | n/a   | BUFG/O          | None       |         915 |               1 | 915 |      0 |    0 |   0 |  0 |    0 |   0 |       0 | clks_BUFG[2]                     |
| g2        | n/a   | BUFG/O          | None       |         210 |               0 | 198 |      0 |   12 |   0 |  0 |    0 |   0 |       0 | clk60/inst/clk_out1              |
| g3        | n/a   | BUFG/O          | None       |          95 |               0 |   0 |      0 |    0 |   0 |  0 |    0 |   0 |       0 | n_0_11615_BUFG                   |
| g4        | n/a   | BUFG/O          | None       |          33 |               0 |   0 |      0 |    0 |   0 |  0 |    0 |   0 |       0 | n_1_11209_BUFG                   |
| g5        | n/a   | BUFG/O          | None       |          35 |               0 |   0 |      0 |    0 |   0 |  0 |    0 |   0 |       0 | n_4_10306_BUFG                   |
| g6        | n/a   | BUFG/O          | None       |          32 |               0 |   0 |      0 |    0 |   0 |  0 |    0 |   0 |       0 | n_2_12531_BUFG                   |
| g7        | n/a   | BUFG/O          | None       |          32 |               0 |   0 |      0 |    0 |   0 |  0 |    0 |   0 |       0 | n_3_11325_BUFG                   |
| g9        | n/a   | BUFG/O          | None       |          32 |               0 |   0 |      0 |    0 |   0 |  0 |    0 |   0 |       0 | n_6_10303_BUFG                   |
| g10       | n/a   | BUFG/O          | None       |          32 |               0 |   0 |      0 |    0 |   0 |  0 |    0 |   0 |       0 | n_7_11195_BUFG                   |
| g11       | n/a   | BUFG/O          | None       |          32 |               0 |   0 |      0 |    0 |   0 |  0 |    0 |   0 |       0 | n_8_11766_BUFG                   |
| g13       | n/a   | BUFG/O          | None       |           1 |               0 |   0 |      0 |    0 |   0 |  0 |    1 |   0 |       0 | clk60/inst/clkfbout_buf_VGAClock |
+-----------+-------+-----------------+------------+-------------+-----------------+-----+--------+------+-----+----+------+-----+---------+----------------------------------+
* Clock Loads column represents the clock pin loads (pin count)
** Non-Clock Loads column represents the non-clock pin loads (pin count)
*** Columns FF, LUTRAM, RAMB through 'Hard IP' represents load cell counts


23. Clock Region Cell Placement per Global Clock: Region X0Y1
-------------------------------------------------------------

+-----------+-------+-----------------+------------+-------------+-----------------+------+--------+------+-----+----+------+-----+---------+---------------------+
| Global Id | Track | Driver Type/Pin | Constraint | Clock Loads | Non-Clock Loads | FF   | LUTRAM | RAMB | DSP | GT | MMCM | PLL | Hard IP | Net                 |
+-----------+-------+-----------------+------------+-------------+-----------------+------+--------+------+-----+----+------+-----+---------+---------------------+
| g0        | n/a   | BUFG/O          | None       |        3516 |               0 | 3516 |      0 |    0 |   0 |  0 |    0 |   0 |       0 | stream/p_2_in       |
| g2        | n/a   | BUFG/O          | None       |          52 |               0 |   52 |      0 |    0 |   0 |  0 |    0 |   0 |       0 | clk60/inst/clk_out1 |
+-----------+-------+-----------------+------------+-------------+-----------------+------+--------+------+-----+----+------+-----+---------+---------------------+
* Clock Loads column represents the clock pin loads (pin count)
** Non-Clock Loads column represents the non-clock pin loads (pin count)
*** Columns FF, LUTRAM, RAMB through 'Hard IP' represents load cell counts


24. Clock Region Cell Placement per Global Clock: Region X1Y1
-------------------------------------------------------------

+-----------+-------+-----------------+------------+-------------+-----------------+------+--------+------+-----+----+------+-----+---------+---------------------+
| Global Id | Track | Driver Type/Pin | Constraint | Clock Loads | Non-Clock Loads | FF   | LUTRAM | RAMB | DSP | GT | MMCM | PLL | Hard IP | Net                 |
+-----------+-------+-----------------+------------+-------------+-----------------+------+--------+------+-----+----+------+-----+---------+---------------------+
| g0        | n/a   | BUFG/O          | None       |        3693 |               0 | 3693 |      0 |    0 |   0 |  0 |    0 |   0 |       0 | stream/p_2_in       |
| g2        | n/a   | BUFG/O          | None       |          16 |               0 |   16 |      0 |    0 |   0 |  0 |    0 |   0 |       0 | clk60/inst/clk_out1 |
+-----------+-------+-----------------+------------+-------------+-----------------+------+--------+------+-----+----+------+-----+---------+---------------------+
* Clock Loads column represents the clock pin loads (pin count)
** Non-Clock Loads column represents the non-clock pin loads (pin count)
*** Columns FF, LUTRAM, RAMB through 'Hard IP' represents load cell counts


25. Clock Region Cell Placement per Global Clock: Region X0Y2
-------------------------------------------------------------

+-----------+-------+-----------------+------------+-------------+-----------------+------+--------+------+-----+----+------+-----+---------+---------------------+
| Global Id | Track | Driver Type/Pin | Constraint | Clock Loads | Non-Clock Loads | FF   | LUTRAM | RAMB | DSP | GT | MMCM | PLL | Hard IP | Net                 |
+-----------+-------+-----------------+------------+-------------+-----------------+------+--------+------+-----+----+------+-----+---------+---------------------+
| g0        | n/a   | BUFG/O          | None       |        4735 |               0 | 4735 |      0 |    0 |   0 |  0 |    0 |   0 |       0 | stream/p_2_in       |
| g2        | n/a   | BUFG/O          | None       |          26 |               0 |   26 |      0 |    0 |   0 |  0 |    0 |   0 |       0 | clk60/inst/clk_out1 |
+-----------+-------+-----------------+------------+-------------+-----------------+------+--------+------+-----+----+------+-----+---------+---------------------+
* Clock Loads column represents the clock pin loads (pin count)
** Non-Clock Loads column represents the non-clock pin loads (pin count)
*** Columns FF, LUTRAM, RAMB through 'Hard IP' represents load cell counts


26. Clock Region Cell Placement per Global Clock: Region X1Y2
-------------------------------------------------------------

+-----------+-------+-----------------+------------+-------------+-----------------+------+--------+------+-----+----+------+-----+---------+---------------------+
| Global Id | Track | Driver Type/Pin | Constraint | Clock Loads | Non-Clock Loads | FF   | LUTRAM | RAMB | DSP | GT | MMCM | PLL | Hard IP | Net                 |
+-----------+-------+-----------------+------------+-------------+-----------------+------+--------+------+-----+----+------+-----+---------+---------------------+
| g0        | n/a   | BUFG/O          | None       |        2395 |               0 | 2395 |      0 |    0 |   0 |  0 |    0 |   0 |       0 | stream/p_2_in       |
| g2        | n/a   | BUFG/O          | None       |           6 |               0 |    6 |      0 |    0 |   0 |  0 |    0 |   0 |       0 | clk60/inst/clk_out1 |
+-----------+-------+-----------------+------------+-------------+-----------------+------+--------+------+-----+----+------+-----+---------+---------------------+
* Clock Loads column represents the clock pin loads (pin count)
** Non-Clock Loads column represents the non-clock pin loads (pin count)
*** Columns FF, LUTRAM, RAMB through 'Hard IP' represents load cell counts



# Location of BUFG Primitives 
set_property LOC BUFGCTRL_X0Y0 [get_cells lastEdit_reg_i_2]
set_property LOC BUFGCTRL_X0Y12 [get_cells n_9_11324_BUFG_inst]
set_property LOC BUFGCTRL_X0Y11 [get_cells n_8_11766_BUFG_inst]
set_property LOC BUFGCTRL_X0Y10 [get_cells n_7_11195_BUFG_inst]
set_property LOC BUFGCTRL_X0Y9 [get_cells n_6_10303_BUFG_inst]
set_property LOC BUFGCTRL_X0Y8 [get_cells n_5_11323_BUFG_inst]
set_property LOC BUFGCTRL_X0Y5 [get_cells n_4_10306_BUFG_inst]
set_property LOC BUFGCTRL_X0Y7 [get_cells n_3_11325_BUFG_inst]
set_property LOC BUFGCTRL_X0Y6 [get_cells n_2_12531_BUFG_inst]
set_property LOC BUFGCTRL_X0Y4 [get_cells n_1_11209_BUFG_inst]
set_property LOC BUFGCTRL_X0Y3 [get_cells n_0_11615_BUFG_inst]
set_property LOC BUFGCTRL_X0Y1 [get_cells clks_BUFG[2]_inst]
set_property LOC BUFGCTRL_X0Y13 [get_cells clk60/inst/clkf_buf]
set_property LOC BUFGCTRL_X0Y2 [get_cells clk60/inst/clkout1_buf]

# Location of IO Primitives which is load of clock spine

# Location of clock ports
set_property LOC IOB_X1Y26 [get_ports CLK]

# Clock net "stream/p_2_in" driven by instance "lastEdit_reg_i_2" located at site "BUFGCTRL_X0Y0"
#startgroup
create_pblock {CLKAG_stream/p_2_in}
add_cells_to_pblock [get_pblocks  {CLKAG_stream/p_2_in}] [get_cells -filter { PRIMITIVE_GROUP != I/O && IS_PRIMITIVE==1 && PRIMITIVE_LEVEL !=INTERNAL } -of_object [get_pins -filter {DIRECTION==IN} -of_objects [get_nets -hierarchical -filter {PARENT=="stream/p_2_in"}]]]
resize_pblock [get_pblocks {CLKAG_stream/p_2_in}] -add {CLOCKREGION_X0Y0:CLOCKREGION_X0Y0 CLOCKREGION_X0Y1:CLOCKREGION_X0Y1 CLOCKREGION_X0Y2:CLOCKREGION_X0Y2 CLOCKREGION_X1Y0:CLOCKREGION_X1Y0 CLOCKREGION_X1Y1:CLOCKREGION_X1Y1 CLOCKREGION_X1Y2:CLOCKREGION_X1Y2}
#endgroup

# Clock net "n_9_11324_BUFG" driven by instance "n_9_11324_BUFG_inst" located at site "BUFGCTRL_X0Y12"
#startgroup
create_pblock {CLKAG_n_9_11324_BUFG}
add_cells_to_pblock [get_pblocks  {CLKAG_n_9_11324_BUFG}] [get_cells -filter { PRIMITIVE_GROUP != I/O && IS_PRIMITIVE==1 && PRIMITIVE_LEVEL !=INTERNAL } -of_object [get_pins -filter {DIRECTION==IN} -of_objects [get_nets -hierarchical -filter {PARENT=="n_9_11324_BUFG"}]]]
resize_pblock [get_pblocks {CLKAG_n_9_11324_BUFG}] -add {CLOCKREGION_X0Y0:CLOCKREGION_X0Y0}
#endgroup

# Clock net "n_8_11766_BUFG" driven by instance "n_8_11766_BUFG_inst" located at site "BUFGCTRL_X0Y11"
#startgroup
create_pblock {CLKAG_n_8_11766_BUFG}
add_cells_to_pblock [get_pblocks  {CLKAG_n_8_11766_BUFG}] [get_cells -filter { PRIMITIVE_GROUP != I/O && IS_PRIMITIVE==1 && PRIMITIVE_LEVEL !=INTERNAL } -of_object [get_pins -filter {DIRECTION==IN} -of_objects [get_nets -hierarchical -filter {PARENT=="n_8_11766_BUFG"}]]]
resize_pblock [get_pblocks {CLKAG_n_8_11766_BUFG}] -add {CLOCKREGION_X1Y0:CLOCKREGION_X1Y0}
#endgroup

# Clock net "n_7_11195_BUFG" driven by instance "n_7_11195_BUFG_inst" located at site "BUFGCTRL_X0Y10"
#startgroup
create_pblock {CLKAG_n_7_11195_BUFG}
add_cells_to_pblock [get_pblocks  {CLKAG_n_7_11195_BUFG}] [get_cells -filter { PRIMITIVE_GROUP != I/O && IS_PRIMITIVE==1 && PRIMITIVE_LEVEL !=INTERNAL } -of_object [get_pins -filter {DIRECTION==IN} -of_objects [get_nets -hierarchical -filter {PARENT=="n_7_11195_BUFG"}]]]
resize_pblock [get_pblocks {CLKAG_n_7_11195_BUFG}] -add {CLOCKREGION_X1Y0:CLOCKREGION_X1Y0}
#endgroup

# Clock net "n_6_10303_BUFG" driven by instance "n_6_10303_BUFG_inst" located at site "BUFGCTRL_X0Y9"
#startgroup
create_pblock {CLKAG_n_6_10303_BUFG}
add_cells_to_pblock [get_pblocks  {CLKAG_n_6_10303_BUFG}] [get_cells -filter { PRIMITIVE_GROUP != I/O && IS_PRIMITIVE==1 && PRIMITIVE_LEVEL !=INTERNAL } -of_object [get_pins -filter {DIRECTION==IN} -of_objects [get_nets -hierarchical -filter {PARENT=="n_6_10303_BUFG"}]]]
resize_pblock [get_pblocks {CLKAG_n_6_10303_BUFG}] -add {CLOCKREGION_X1Y0:CLOCKREGION_X1Y0}
#endgroup

# Clock net "n_5_11323_BUFG" driven by instance "n_5_11323_BUFG_inst" located at site "BUFGCTRL_X0Y8"
#startgroup
create_pblock {CLKAG_n_5_11323_BUFG}
add_cells_to_pblock [get_pblocks  {CLKAG_n_5_11323_BUFG}] [get_cells -filter { PRIMITIVE_GROUP != I/O && IS_PRIMITIVE==1 && PRIMITIVE_LEVEL !=INTERNAL } -of_object [get_pins -filter {DIRECTION==IN} -of_objects [get_nets -hierarchical -filter {PARENT=="n_5_11323_BUFG"}]]]
resize_pblock [get_pblocks {CLKAG_n_5_11323_BUFG}] -add {CLOCKREGION_X0Y0:CLOCKREGION_X0Y0}
#endgroup

# Clock net "n_4_10306_BUFG" driven by instance "n_4_10306_BUFG_inst" located at site "BUFGCTRL_X0Y5"
#startgroup
create_pblock {CLKAG_n_4_10306_BUFG}
add_cells_to_pblock [get_pblocks  {CLKAG_n_4_10306_BUFG}] [get_cells -filter { PRIMITIVE_GROUP != I/O && IS_PRIMITIVE==1 && PRIMITIVE_LEVEL !=INTERNAL } -of_object [get_pins -filter {DIRECTION==IN} -of_objects [get_nets -hierarchical -filter {PARENT=="n_4_10306_BUFG"}]]]
resize_pblock [get_pblocks {CLKAG_n_4_10306_BUFG}] -add {CLOCKREGION_X1Y0:CLOCKREGION_X1Y0}
#endgroup

# Clock net "n_3_11325_BUFG" driven by instance "n_3_11325_BUFG_inst" located at site "BUFGCTRL_X0Y7"
#startgroup
create_pblock {CLKAG_n_3_11325_BUFG}
add_cells_to_pblock [get_pblocks  {CLKAG_n_3_11325_BUFG}] [get_cells -filter { PRIMITIVE_GROUP != I/O && IS_PRIMITIVE==1 && PRIMITIVE_LEVEL !=INTERNAL } -of_object [get_pins -filter {DIRECTION==IN} -of_objects [get_nets -hierarchical -filter {PARENT=="n_3_11325_BUFG"}]]]
resize_pblock [get_pblocks {CLKAG_n_3_11325_BUFG}] -add {CLOCKREGION_X1Y0:CLOCKREGION_X1Y0}
#endgroup

# Clock net "n_2_12531_BUFG" driven by instance "n_2_12531_BUFG_inst" located at site "BUFGCTRL_X0Y6"
#startgroup
create_pblock {CLKAG_n_2_12531_BUFG}
add_cells_to_pblock [get_pblocks  {CLKAG_n_2_12531_BUFG}] [get_cells -filter { PRIMITIVE_GROUP != I/O && IS_PRIMITIVE==1 && PRIMITIVE_LEVEL !=INTERNAL } -of_object [get_pins -filter {DIRECTION==IN} -of_objects [get_nets -hierarchical -filter {PARENT=="n_2_12531_BUFG"}]]]
resize_pblock [get_pblocks {CLKAG_n_2_12531_BUFG}] -add {CLOCKREGION_X1Y0:CLOCKREGION_X1Y0}
#endgroup

# Clock net "n_1_11209_BUFG" driven by instance "n_1_11209_BUFG_inst" located at site "BUFGCTRL_X0Y4"
#startgroup
create_pblock {CLKAG_n_1_11209_BUFG}
add_cells_to_pblock [get_pblocks  {CLKAG_n_1_11209_BUFG}] [get_cells -filter { PRIMITIVE_GROUP != I/O && IS_PRIMITIVE==1 && PRIMITIVE_LEVEL !=INTERNAL } -of_object [get_pins -filter {DIRECTION==IN} -of_objects [get_nets -hierarchical -filter {PARENT=="n_1_11209_BUFG"}]]]
resize_pblock [get_pblocks {CLKAG_n_1_11209_BUFG}] -add {CLOCKREGION_X0Y0:CLOCKREGION_X0Y0 CLOCKREGION_X1Y0:CLOCKREGION_X1Y0}
#endgroup

# Clock net "n_0_11615_BUFG" driven by instance "n_0_11615_BUFG_inst" located at site "BUFGCTRL_X0Y3"
#startgroup
create_pblock {CLKAG_n_0_11615_BUFG}
add_cells_to_pblock [get_pblocks  {CLKAG_n_0_11615_BUFG}] [get_cells -filter { PRIMITIVE_GROUP != I/O && IS_PRIMITIVE==1 && PRIMITIVE_LEVEL !=INTERNAL } -of_object [get_pins -filter {DIRECTION==IN} -of_objects [get_nets -hierarchical -filter {PARENT=="n_0_11615_BUFG"}]]]
resize_pblock [get_pblocks {CLKAG_n_0_11615_BUFG}] -add {CLOCKREGION_X0Y0:CLOCKREGION_X0Y0 CLOCKREGION_X1Y0:CLOCKREGION_X1Y0}
#endgroup

# Clock net "clks_BUFG[2]" driven by instance "clks_BUFG[2]_inst" located at site "BUFGCTRL_X0Y1"
#startgroup
create_pblock {CLKAG_clks_BUFG[2]}
add_cells_to_pblock [get_pblocks  {CLKAG_clks_BUFG[2]}] [get_cells -filter { PRIMITIVE_GROUP != I/O && IS_PRIMITIVE==1 && PRIMITIVE_LEVEL !=INTERNAL } -of_object [get_pins -filter {DIRECTION==IN} -of_objects [get_nets -hierarchical -filter {PARENT=="clks_BUFG[2]"}]]]
resize_pblock [get_pblocks {CLKAG_clks_BUFG[2]}] -add {CLOCKREGION_X0Y0:CLOCKREGION_X0Y0 CLOCKREGION_X1Y0:CLOCKREGION_X1Y0}
#endgroup

# Clock net "clk60/inst/clk_out1" driven by instance "clk60/inst/clkout1_buf" located at site "BUFGCTRL_X0Y2"
#startgroup
create_pblock {CLKAG_clk60/inst/clk_out1}
add_cells_to_pblock [get_pblocks  {CLKAG_clk60/inst/clk_out1}] [get_cells -filter { PRIMITIVE_GROUP != I/O && IS_PRIMITIVE==1 && PRIMITIVE_LEVEL !=INTERNAL } -of_object [get_pins -filter {DIRECTION==IN} -of_objects [get_nets -hierarchical -filter {PARENT=="clk60/inst/clk_out1"}]]]
resize_pblock [get_pblocks {CLKAG_clk60/inst/clk_out1}] -add {CLOCKREGION_X0Y0:CLOCKREGION_X0Y0 CLOCKREGION_X0Y1:CLOCKREGION_X0Y1 CLOCKREGION_X0Y2:CLOCKREGION_X0Y2 CLOCKREGION_X1Y0:CLOCKREGION_X1Y0 CLOCKREGION_X1Y1:CLOCKREGION_X1Y1 CLOCKREGION_X1Y2:CLOCKREGION_X1Y2}
#endgroup
