#
# A fatal error has been detected by the Java Runtime Environment:
#
#  EXCEPTION_ACCESS_VIOLATION (0xc0000005) at pc=0x00007ffea4a03370, pid=47464, tid=24720
#
# JRE version: Java(TM) SE Runtime Environment (9.0+11) (build 9.0.4+11)
# Java VM: Java HotSpot(TM) 64-Bit Server VM (9.0.4+11, mixed mode, tiered, compressed oops, g1 gc, windows-amd64)
# Problematic frame:
# C  [librdi_wavedata.dll+0x453370]
#
# No core dump will be written. Minidumps are not enabled by default on client versions of Windows
#
# If you would like to submit a bug report, please visit:
#   http://bugreport.java.com/bugreport/crash.jsp
# The crash happened outside the Java Virtual Machine in native code.
# See problematic frame for where to report the bug.
#

---------------  S U M M A R Y ------------

Command Line: -Dsun.java2d.pmoffscreen=false -Dsun.java2d.xrender=false -Dsun.java2d.d3d=false -Dsun.awt.nopixfmt=true -Dsun.java2d.dpiaware=true -Dsun.java2d.uiScale.enabled=false -Xverify:none -Dswing.aatext=true -XX:-UsePerfData -Djdk.map.althashing.threshold=512 -XX:StringTableSize=4072 --add-opens=java.base/java.nio=ALL-UNNAMED --add-opens=java.desktop/sun.swing=ALL-UNNAMED --add-opens=java.desktop/javax.swing=ALL-UNNAMED --add-opens=java.desktop/javax.swing.tree=ALL-UNNAMED --add-opens=java.desktop/javax.swing.plaf.basic=ALL-UNNAMED --add-opens=java.desktop/javax.swing.plaf.synth=ALL-UNNAMED --add-opens=java.desktop/com.sun.awt=ALL-UNNAMED -XX:NewSize=60m -XX:MaxNewSize=60m -Xms128m -Xmx3072m -Xss5m 

Host: Intel(R) Core(TM) Ultra 5 125H, 18 cores, 31G,  Windows 10 , 64 bit Build 26100 (10.0.26100.7019)
Time: Wed Dec 10 14:37:13 2025 ?D1¨²¡À¨º¡Á?¨º¡À?? elapsed time: 1340 seconds (0d 0h 22m 20s)

---------------  T H R E A D  ---------------

Current thread (0x0000026f08527000):  JavaThread "AWT-EventQueue-1" [_thread_in_native, id=24720, stack(0x000000b3c7b00000,0x000000b3c8000000)]

Stack: [0x000000b3c7b00000,0x000000b3c8000000],  sp=0x000000b3c7ff3af8,  free space=5070k
Native frames: (J=compiled Java code, j=interpreted, Vv=VM code, C=native code)
C  [librdi_wavedata.dll+0x453370]

Java frames: (J=compiled Java code, j=interpreted, Vv=VM code)
J 20538  ui.views.waveform.waveformi.WVExecutive_getGraphicsDataSize(J)J (0 bytes) @ 0x0000026f18784b21 [0x0000026f18784ae0+0x0000000000000041]
J 20537 c1 ui.views.waveform.executive.a.gEt()Ljava/io/ByteArrayInputStream; (93 bytes) @ 0x0000026f12a328ac [0x0000026f12a327c0+0x00000000000000ec]
J 20536 c1 ui.views.waveform.b.a.gEf()V (142 bytes) @ 0x0000026f12a359b4 [0x0000026f12a358a0+0x0000000000000114]
J 20564 c1 ui.views.waveform.w.cRi()V (38 bytes) @ 0x0000026f12a4abec [0x0000026f12a4a480+0x000000000000076c]
J 20288 c1 ui.views.waveform.c.b.j(Lui/frmwork/b/i;)V (603 bytes) @ 0x0000026f1299dd3c [0x0000026f12994620+0x000000000000971c]
J 20287 c1 ui.views.waveform.w.a(Lui/frmwork/b/i;)V (17 bytes) @ 0x0000026f12993194 [0x0000026f129930c0+0x00000000000000d4]
J 23300 c2 ui.frmwork.b.l.d(Lui/frmwork/b/i;)V (61 bytes) @ 0x0000026f18a2aee4 [0x0000026f18a2acc0+0x0000000000000224]
J 22619 c2 ui.frmwork.HTclEventBroker.i(JZ)V (471 bytes) @ 0x0000026f1858333c [0x0000026f18581f40+0x00000000000013fc]
J 14975 c1 ui.frmwork.HTclEventBroker.fireTclEvent(J)I (113 bytes) @ 0x0000026f114fb04c [0x0000026f114fa840+0x000000000000080c]
v  ~StubRoutines::call_stub
j  ui.views.waveform.waveformi.WVExecutive_processModelEvent(JJ)V+0
J 22880 c1 ui.views.waveform.c.b.eD(J)V (109 bytes) @ 0x0000026f117869c4 [0x0000026f11786880+0x0000000000000144]
J 20288 c1 ui.views.waveform.c.b.j(Lui/frmwork/b/i;)V (603 bytes) @ 0x0000026f1299ea74 [0x0000026f12994620+0x000000000000a454]
J 20287 c1 ui.views.waveform.w.a(Lui/frmwork/b/i;)V (17 bytes) @ 0x0000026f12993194 [0x0000026f129930c0+0x00000000000000d4]
J 23300 c2 ui.frmwork.b.l.d(Lui/frmwork/b/i;)V (61 bytes) @ 0x0000026f18a2aee4 [0x0000026f18a2acc0+0x0000000000000224]
J 22619 c2 ui.frmwork.HTclEventBroker.i(JZ)V (471 bytes) @ 0x0000026f1858333c [0x0000026f18581f40+0x00000000000013fc]
J 14975 c1 ui.frmwork.HTclEventBroker.fireTclEvent(J)I (113 bytes) @ 0x0000026f114fb04c [0x0000026f114fa840+0x000000000000080c]
v  ~StubRoutines::call_stub
j  ui.views.waveform.waveformi.WVExecutive_processModelEvent(JJ)V+0
J 22880 c1 ui.views.waveform.c.b.eD(J)V (109 bytes) @ 0x0000026f117869c4 [0x0000026f11786880+0x0000000000000144]
j  ui.views.waveform.c.e.actionPerformed(Ljava/awt/event/ActionEvent;)V+8
J 18822 c2 javax.swing.Timer.fireActionPerformed(Ljava/awt/event/ActionEvent;)V java.desktop@9.0.4 (46 bytes) @ 0x0000026f184dd158 [0x0000026f184dd040+0x0000000000000118]
J 18828 c2 javax.swing.Timer$DoPostEvent.run()V java.desktop@9.0.4 (82 bytes) @ 0x0000026f184e1b6c [0x0000026f184e1860+0x000000000000030c]
J 21622 c2 java.awt.EventQueue$3.run()Ljava/lang/Object; java.desktop@9.0.4 (5 bytes) @ 0x0000026f1884fa84 [0x0000026f1884f980+0x0000000000000104]
v  ~StubRoutines::call_stub
J 4875  java.security.AccessController.doPrivileged(Ljava/security/PrivilegedAction;Ljava/security/AccessControlContext;)Ljava/lang/Object; java.base@9.0.4 (0 bytes) @ 0x0000026f1776e046 [0x0000026f1776dfe0+0x0000000000000066]
J 14773 c2 ui.frmwork.b.d.dispatchEvent(Ljava/awt/AWTEvent;)V (34 bytes) @ 0x0000026f17a851a4 [0x0000026f17a84b80+0x0000000000000624]
J 21105 c2 java.awt.EventDispatchThread.pumpOneEventForFilters(I)V java.desktop@9.0.4 (218 bytes) @ 0x0000026f17f2d328 [0x0000026f17f2d080+0x00000000000002a8]
J 23400 c2 java.awt.EventDispatchThread.pumpEventsForFilter(ILjava/awt/Conditional;Ljava/awt/EventFilter;)V java.desktop@9.0.4 (47 bytes) @ 0x0000026f18a5b08c [0x0000026f18a5aee0+0x00000000000001ac]
j  java.awt.EventDispatchThread.pumpEventsForFilter(Ljava/awt/Conditional;Ljava/awt/EventFilter;)V+4 java.desktop@9.0.4
j  java.awt.WaitDispatchSupport$2.run()V+59 java.desktop@9.0.4
j  java.awt.WaitDispatchSupport$4.run()Ljava/lang/Void;+4 java.desktop@9.0.4
j  java.awt.WaitDispatchSupport$4.run()Ljava/lang/Object;+1 java.desktop@9.0.4
v  ~StubRoutines::call_stub
J 1150  java.security.AccessController.doPrivileged(Ljava/security/PrivilegedAction;)Ljava/lang/Object; java.base@9.0.4 (0 bytes) @ 0x0000026f174d8b32 [0x0000026f174d8ae0+0x0000000000000052]
j  java.awt.WaitDispatchSupport.enter()Z+260 java.desktop@9.0.4
j  java.awt.Dialog.show()V+225 java.desktop@9.0.4
J 11155 c1 java.awt.Component.setVisible(Z)V java.desktop@9.0.4 (6 bytes) @ 0x0000026f119f63cc [0x0000026f119f61e0+0x00000000000001ec]
j  java.awt.Window.setVisible(Z)V+2 java.desktop@9.0.4
j  java.awt.Dialog.setVisible(Z)V+2 java.desktop@9.0.4
j  ui.b.c.g.setVisible(Z)V+2
j  ui.b.c.by.showDialog()V+64
j  ui.b.c.bF.actionPerformed(Ljava/awt/event/ActionEvent;)V+8
j  ui.b.c.by.cJI()V+396
j  ui.views.c.t.b.a.run()V+60
j  ui.frmwork.a.dWF()Z+66
j  ui.frmwork.V.dYl()V+42
j  ui.bk.actionPerformed(Ljava/awt/event/ActionEvent;)V+25
j  javax.swing.AbstractButton.fireActionPerformed(Ljava/awt/event/ActionEvent;)V+84 java.desktop@9.0.4
j  ui.utils.o.b.B.fireActionPerformed(Ljava/awt/event/ActionEvent;)V+7
j  javax.swing.AbstractButton$Handler.actionPerformed(Ljava/awt/event/ActionEvent;)V+5 java.desktop@9.0.4
j  javax.swing.DefaultButtonModel.fireActionPerformed(Ljava/awt/event/ActionEvent;)V+34 java.desktop@9.0.4
j  javax.swing.DefaultButtonModel.setPressed(Z)V+117 java.desktop@9.0.4
j  javax.swing.plaf.basic.BasicButtonListener.mouseReleased(Ljava/awt/event/MouseEvent;)V+35 java.desktop@9.0.4
j  com.jidesoft.plaf.basic.BasicJideButtonListener.mouseReleased(Ljava/awt/event/MouseEvent;)V+61
J 20631 c1 java.awt.AWTEventMulticaster.mouseReleased(Ljava/awt/event/MouseEvent;)V java.desktop@9.0.4 (27 bytes) @ 0x0000026f12a73d0c [0x0000026f12a73b00+0x000000000000020c]
J 20631 c1 java.awt.AWTEventMulticaster.mouseReleased(Ljava/awt/event/MouseEvent;)V java.desktop@9.0.4 (27 bytes) @ 0x0000026f12a73d0c [0x0000026f12a73b00+0x000000000000020c]
J 20631 c1 java.awt.AWTEventMulticaster.mouseReleased(Ljava/awt/event/MouseEvent;)V java.desktop@9.0.4 (27 bytes) @ 0x0000026f12a73d0c [0x0000026f12a73b00+0x000000000000020c]
J 20631 c1 java.awt.AWTEventMulticaster.mouseReleased(Ljava/awt/event/MouseEvent;)V java.desktop@9.0.4 (27 bytes) @ 0x0000026f12a73d0c [0x0000026f12a73b00+0x000000000000020c]
J 17765 c1 java.awt.Component.processMouseEvent(Ljava/awt/event/MouseEvent;)V java.desktop@9.0.4 (100 bytes) @ 0x0000026f11067eb4 [0x0000026f11067b20+0x0000000000000394]
J 17766 c1 javax.swing.JComponent.processMouseEvent(Ljava/awt/event/MouseEvent;)V java.desktop@9.0.4 (27 bytes) @ 0x0000026f10ce5dec [0x0000026f10ce5be0+0x000000000000020c]
J 13928 c2 java.awt.Container.processEvent(Ljava/awt/AWTEvent;)V java.desktop@9.0.4 (22 bytes) @ 0x0000026f18123340 [0x0000026f18123220+0x0000000000000120]
J 22274 c2 java.awt.Component.dispatchEventImpl(Ljava/awt/AWTEvent;)V java.desktop@9.0.4 (739 bytes) @ 0x0000026f188ccf58 [0x0000026f188cc2c0+0x0000000000000c98]
J 22265 c2 java.awt.Container.dispatchEventImpl(Ljava/awt/AWTEvent;)V java.desktop@9.0.4 (129 bytes) @ 0x0000026f182967d4 [0x0000026f18296400+0x00000000000003d4]
J 20318 c2 java.awt.LightweightDispatcher.retargetMouseEvent(Ljava/awt/Component;ILjava/awt/event/MouseEvent;)V java.desktop@9.0.4 (350 bytes) @ 0x0000026f187253d0 [0x0000026f18724e20+0x00000000000005b0]
J 22265 c2 java.awt.Container.dispatchEventImpl(Ljava/awt/AWTEvent;)V java.desktop@9.0.4 (129 bytes) @ 0x0000026f18297080 [0x0000026f18296400+0x0000000000000c80]
J 19381 c2 java.awt.Window.dispatchEventImpl(Ljava/awt/AWTEvent;)V java.desktop@9.0.4 (23 bytes) @ 0x0000026f181a470c [0x0000026f181a46c0+0x000000000000004c]
J 21622 c2 java.awt.EventQueue$3.run()Ljava/lang/Object; java.desktop@9.0.4 (5 bytes) @ 0x0000026f1884fb3c [0x0000026f1884f980+0x00000000000001bc]
v  ~StubRoutines::call_stub
J 4875  java.security.AccessController.doPrivileged(Ljava/security/PrivilegedAction;Ljava/security/AccessControlContext;)Ljava/lang/Object; java.base@9.0.4 (0 bytes) @ 0x0000026f1776e046 [0x0000026f1776dfe0+0x0000000000000066]
J 18705 c2 java.awt.EventQueue$4.run()Ljava/lang/Object; java.desktop@9.0.4 (5 bytes) @ 0x0000026f184b3140 [0x0000026f184b2ee0+0x0000000000000260]
v  ~StubRoutines::call_stub
J 4875  java.security.AccessController.doPrivileged(Ljava/security/PrivilegedAction;Ljava/security/AccessControlContext;)Ljava/lang/Object; java.base@9.0.4 (0 bytes) @ 0x0000026f1776e046 [0x0000026f1776dfe0+0x0000000000000066]
J 14773 c2 ui.frmwork.b.d.dispatchEvent(Ljava/awt/AWTEvent;)V (34 bytes) @ 0x0000026f17a84fcc [0x0000026f17a84b80+0x000000000000044c]
J 21105 c2 java.awt.EventDispatchThread.pumpOneEventForFilters(I)V java.desktop@9.0.4 (218 bytes) @ 0x0000026f17f2d328 [0x0000026f17f2d080+0x00000000000002a8]
J 23225% c2 java.awt.EventDispatchThread.pumpEventsForFilter(ILjava/awt/Conditional;Ljava/awt/EventFilter;)V java.desktop@9.0.4 (47 bytes) @ 0x0000026f18a11a58 [0x0000026f18a11940+0x0000000000000118]
j  java.awt.EventDispatchThread.pumpEventsForHierarchy(ILjava/awt/Conditional;Ljava/awt/Component;)V+11 java.desktop@9.0.4
j  java.awt.EventDispatchThread.pumpEvents(ILjava/awt/Conditional;)V+4 java.desktop@9.0.4
j  java.awt.EventDispatchThread.pumpEvents(Ljava/awt/Conditional;)V+3 java.desktop@9.0.4
j  java.awt.EventDispatchThread.run()V+9 java.desktop@9.0.4
v  ~StubRoutines::call_stub

siginfo: EXCEPTION_ACCESS_VIOLATION (0xc0000005), data execution prevention violation at address 0x00007ffea4a03370


Register to memory mapping:

RIP=0x00007ffea4a03370 librdi_wavedata.dll
RAX=0x00007ffea49a85e0 librdi_wavedata.dll
RBX=0x000000b3c7ff3c60 is pointing into the stack for thread: 0x0000026f08527000
RCX=0x0000026f4656cae0 is an unknown value
RDX=0x0000026f040d1200 is an unknown value
RSP=0x000000b3c7ff3af8 is pointing into the stack for thread: 0x0000026f08527000
RBP=0x000000b3c7ff3c20 is pointing into the stack for thread: 0x0000026f08527000
RSI=0x0000026f040d1200 is an unknown value
RDI=0x0000026f4656cae0 is an unknown value
R8 =0x000000b3c7ff3c20 is pointing into the stack for thread: 0x0000026f08527000
R9 =0x000000b3c7ff3c60 is pointing into the stack for thread: 0x0000026f08527000
R10=0x0000026f040d1210 is an unknown value
R11=0x000000b3c7ff3c70 is pointing into the stack for thread: 0x0000026f08527000
R12=0x0000000000000000 is an unknown value
R13=0x0000000000000000 is an unknown value
R14=0x0000026f040d1200 is an unknown value
R15=0x0000000000000001 is an unknown value


Registers:
RAX=0x00007ffea49a85e0, RBX=0x000000b3c7ff3c60, RCX=0x0000026f4656cae0, RDX=0x0000026f040d1200
RSP=0x000000b3c7ff3af8, RBP=0x000000b3c7ff3c20, RSI=0x0000026f040d1200, RDI=0x0000026f4656cae0
R8 =0x000000b3c7ff3c20, R9 =0x000000b3c7ff3c60, R10=0x0000026f040d1210, R11=0x000000b3c7ff3c70
R12=0x0000000000000000, R13=0x0000000000000000, R14=0x0000026f040d1200, R15=0x0000000000000001
RIP=0x00007ffea4a03370, EFLAGS=0x0000000000010206

Top of Stack: (sp=0x000000b3c7ff3af8)
0x000000b3c7ff3af8:   00007ffea46deedc 00000007040549a8
0x000000b3c7ff3b08:   0000026f18454000 00000007011fd960
0x000000b3c7ff3b18:   0000000000000000 00000000000005af
0x000000b3c7ff3b28:   000000b3c7ff3c60 000000b3c7ff3c20
0x000000b3c7ff3b38:   0000026f040d1200 fffffffffffffffe
0x000000b3c7ff3b48:   0000026f79530000 0000026f0858ffa0
0x000000b3c7ff3b58:   00007fffbf5fcca4 0000000000000002
0x000000b3c7ff3b68:   0000000000000000 00000007011fd960
0x000000b3c7ff3b78:   0000026f79630cc0 0000026f08527218
0x000000b3c7ff3b88:   0000000000000000 0000000000000000
0x000000b3c7ff3b98:   0000000000000000 0000000000000040
0x000000b3c7ff3ba8:   0000026f79530000 00006532124eed35
0x000000b3c7ff3bb8:   0000000000000010 0000000000000038
0x000000b3c7ff3bc8:   000000b3c7ff3d38 0000026f0858ffa0
0x000000b3c7ff3bd8:   000000b3c7ff3c69 000000b3c7ff3d20
0x000000b3c7ff3be8:   00007ffea46d5fc7 000000000000004f 

Instructions: (pc=0x00007ffea4a03370)
0x00007ffea4a03350:   00 00 00 00 ff ff ff ff 00 00 00 00 40 00 00 00
0x00007ffea4a03360:   20 33 45 00 00 00 00 00 00 00 00 00 00 00 00 00
0x00007ffea4a03370:   01 00 00 00 00 00 00 00 00 00 00 00 10 8a 58 00
0x00007ffea4a03380:   98 33 45 00 70 33 45 00 00 00 00 00 00 00 00 00 



---------------  P R O C E S S  ---------------

Java Threads: ( => current thread )
  0x0000026f32788000 JavaThread "Relaunch Simulation" [_thread_blocked, id=6508, stack(0x000000b3cd200000,0x000000b3cd700000)]
  0x0000026f3278e800 JavaThread "Monitor File Timestamp Swing Worker" [_thread_blocked, id=28704, stack(0x000000b3ccd00000,0x000000b3cd200000)]
  0x0000026f3278b000 JavaThread "Timer-2" [_thread_blocked, id=47812, stack(0x000000b3cc300000,0x000000b3cc800000)]
  0x0000026f3278d000 JavaThread "Monitor File Timestamp Swing Worker" [_thread_blocked, id=27912, stack(0x000000b3cb900000,0x000000b3cbe00000)]
  0x0000026f3278e000 JavaThread "Timer-1" [_thread_blocked, id=32940, stack(0x000000b3c8000000,0x000000b3c8500000)]
  0x0000026f3278c800 JavaThread "Image Animator 0" daemon [_thread_blocked, id=48400, stack(0x000000b3cc800000,0x000000b3ccd00000)]
  0x0000026f32788800 JavaThread "SyntheticaAnimation 50" daemon [_thread_blocked, id=34108, stack(0x000000b3cbe00000,0x000000b3cc300000)]
  0x0000026f32786800 JavaThread "Update Runs Swing Worker" [_thread_blocked, id=34588, stack(0x000000b3cb400000,0x000000b3cb900000)]
  0x0000026f32784000 JavaThread "hw_ila_monitor" [_thread_blocked, id=22272, stack(0x000000b3caf00000,0x000000b3cb400000)]
  0x0000026f32784800 JavaThread "Refresh Filesets Swing Worker" [_thread_blocked, id=36268, stack(0x000000b3caa00000,0x000000b3caf00000)]
  0x0000026f32787000 JavaThread "SyntheticaAnimation 70" daemon [_thread_blocked, id=43248, stack(0x000000b3ca500000,0x000000b3caa00000)]
  0x0000026f07eb7000 JavaThread "SyntheticaAnimation 25" daemon [_thread_blocked, id=45156, stack(0x000000b3c9700000,0x000000b3c9c00000)]
  0x0000026f07eb5800 JavaThread "SyntheticaAnimation 50" daemon [_thread_blocked, id=22712, stack(0x000000b3c9200000,0x000000b3c9700000)]
  0x0000026f07eb6800 JavaThread "Monitor HEventQueue" [_thread_blocked, id=46288, stack(0x000000b3c8d00000,0x000000b3c9200000)]
  0x0000026f07eb1000 JavaThread "SyntheticaCleanerThread" daemon [_thread_blocked, id=42840, stack(0x000000b3c8500000,0x000000b3c8a00000)]
  0x0000026f07eb0800 JavaThread "Batik CleanerThread" daemon [_thread_blocked, id=16676, stack(0x000000b3c7100000,0x000000b3c7600000)]
=>0x0000026f08527000 JavaThread "AWT-EventQueue-1" [_thread_in_native, id=24720, stack(0x000000b3c7b00000,0x000000b3c8000000)]
  0x0000026f2b565800 JavaThread "Process Messages" [_thread_blocked, id=40624, stack(0x000000b3c7600000,0x000000b3c7b00000)]
  0x0000026f088ea000 JavaThread "Thread-1" [_thread_in_native, id=37024, stack(0x000000b3bee00000,0x000000b3c0200000)]
  0x0000026f08bf5000 JavaThread "TimerQueue" daemon [_thread_blocked, id=15452, stack(0x000000b3c6700000,0x000000b3c6c00000)]
  0x0000026f0866e800 JavaThread "AWT-Windows" daemon [_thread_in_native, id=15324, stack(0x000000b3c6200000,0x000000b3c6700000)]
  0x0000026f08503000 JavaThread "AWT-Shutdown" [_thread_blocked, id=35776, stack(0x000000b3c5d00000,0x000000b3c6200000)]
  0x0000026f07fd3800 JavaThread "Java2D Disposer" daemon [_thread_blocked, id=9008, stack(0x000000b3c5800000,0x000000b3c5d00000)]
  0x0000026f040df800 JavaThread "Service Thread" daemon [_thread_blocked, id=18328, stack(0x000000b3c5200000,0x000000b3c5700000)]
  0x0000026f02a2a800 JavaThread "Common-Cleaner" daemon [_thread_blocked, id=35972, stack(0x000000b3c4d00000,0x000000b3c5200000)]
  0x0000026f07eb2800 JavaThread "Sweeper thread" daemon [_thread_blocked, id=44676, stack(0x000000b3c4800000,0x000000b3c4d00000)]
  0x0000026f02ed0000 JavaThread "C1 CompilerThread11" daemon [_thread_blocked, id=41516, stack(0x000000b3c4700000,0x000000b3c4800000)]
  0x0000026f02ece800 JavaThread "C1 CompilerThread10" daemon [_thread_blocked, id=35032, stack(0x000000b3c4600000,0x000000b3c4700000)]
  0x0000026f02ecd800 JavaThread "C1 CompilerThread9" daemon [_thread_blocked, id=36504, stack(0x000000b3c4500000,0x000000b3c4600000)]
  0x0000026f02ecd000 JavaThread "C1 CompilerThread8" daemon [_thread_blocked, id=552, stack(0x000000b3c4400000,0x000000b3c4500000)]
  0x0000026f02ecb800 JavaThread "C2 CompilerThread7" daemon [_thread_blocked, id=31464, stack(0x000000b3c4300000,0x000000b3c4400000)]
  0x0000026f02eca800 JavaThread "C2 CompilerThread6" daemon [_thread_blocked, id=47652, stack(0x000000b3c4200000,0x000000b3c4300000)]
  0x0000026f02ec8800 JavaThread "C2 CompilerThread5" daemon [_thread_blocked, id=48564, stack(0x000000b3c4100000,0x000000b3c4200000)]
  0x0000026f02ec8000 JavaThread "C2 CompilerThread4" daemon [_thread_blocked, id=30056, stack(0x000000b3c4000000,0x000000b3c4100000)]
  0x0000026f02ec2000 JavaThread "C2 CompilerThread3" daemon [_thread_blocked, id=48772, stack(0x000000b3c3f00000,0x000000b3c4000000)]
  0x0000026f02ec1800 JavaThread "C2 CompilerThread2" daemon [_thread_blocked, id=48824, stack(0x000000b3c3e00000,0x000000b3c3f00000)]
  0x0000026f01ae1000 JavaThread "C2 CompilerThread1" daemon [_thread_blocked, id=44756, stack(0x000000b3c3d00000,0x000000b3c3e00000)]
  0x0000026f01ae0000 JavaThread "C2 CompilerThread0" daemon [_thread_blocked, id=22608, stack(0x000000b3c3c00000,0x000000b3c3d00000)]
  0x0000026f79541800 JavaThread "Attach Listener" daemon [_thread_blocked, id=41168, stack(0x000000b3c3700000,0x000000b3c3c00000)]
  0x0000026f01abf000 JavaThread "Signal Dispatcher" daemon [_thread_blocked, id=39220, stack(0x000000b3c3200000,0x000000b3c3700000)]
  0x0000026f01abb000 JavaThread "Finalizer" daemon [_thread_blocked, id=16528, stack(0x000000b3c2d00000,0x000000b3c3200000)]
  0x0000026f01ab0800 JavaThread "Reference Handler" daemon [_thread_blocked, id=39408, stack(0x000000b3c2800000,0x000000b3c2d00000)]
  0x0000026f05117000 JavaThread "main" [_thread_blocked, id=9368, stack(0x000000b3bed00000,0x000000b3bee00000)]

Other Threads:
  0x0000026f07164800 VMThread "VM Thread" [stack: 0x000000b3c2700000,0x000000b3c2800000] [id=34924]
  0x0000026f0423e800 WatcherThread [stack: 0x000000b3c5700000,0x000000b3c5800000] [id=43580]
  0x0000026f0542c800 GCTaskThread "GC Thread#0" [stack: 0x000000b3c0500000,0x000000b3c0600000] [id=21904]
  0x0000026f04ddc000 GCTaskThread "GC Thread#1" [stack: 0x000000b3c0600000,0x000000b3c0700000] [id=1188]
  0x0000026f04dde000 GCTaskThread "GC Thread#2" [stack: 0x000000b3c0700000,0x000000b3c0800000] [id=32036]
  0x0000026f04ddb800 GCTaskThread "GC Thread#3" [stack: 0x000000b3c0800000,0x000000b3c0900000] [id=27396]
  0x0000026f04dde800 GCTaskThread "GC Thread#4" [stack: 0x000000b3c0900000,0x000000b3c0a00000] [id=30436]
  0x0000026f04ddf000 GCTaskThread "GC Thread#5" [stack: 0x000000b3c0a00000,0x000000b3c0b00000] [id=9468]
  0x0000026f04ddf800 GCTaskThread "GC Thread#6" [stack: 0x000000b3c0b00000,0x000000b3c0c00000] [id=36844]
  0x0000026f04ddc800 GCTaskThread "GC Thread#7" [stack: 0x000000b3c0c00000,0x000000b3c0d00000] [id=2996]
  0x0000026f04ddd000 GCTaskThread "GC Thread#8" [stack: 0x000000b3c0d00000,0x000000b3c0e00000] [id=47908]
  0x0000026f04de0800 GCTaskThread "GC Thread#9" [stack: 0x000000b3c0e00000,0x000000b3c0f00000] [id=43816]
  0x0000026f04de3000 GCTaskThread "GC Thread#10" [stack: 0x000000b3c0f00000,0x000000b3c1000000] [id=31020]
  0x0000026f04de1000 GCTaskThread "GC Thread#11" [stack: 0x000000b3c1000000,0x000000b3c1100000] [id=19668]
  0x0000026f04de3800 GCTaskThread "GC Thread#12" [stack: 0x000000b3c1100000,0x000000b3c1200000] [id=44052]
  0x0000026f04de1800 GCTaskThread "GC Thread#13" [stack: 0x000000b3c1200000,0x000000b3c1300000] [id=42056]
  0x0000026f023bf000 ConcurrentGCThread "G1 Main Marker" [stack: 0x000000b3c2200000,0x000000b3c2300000] [id=9336]
  0x0000026f04de2000 ConcurrentGCThread "G1 Marker#0" [stack: 0x000000b3c2300000,0x000000b3c2400000] [id=35308]
  0x0000026f070ee000 ConcurrentGCThread "G1 Marker#1" [stack: 0x000000b3c2400000,0x000000b3c2500000] [id=41620]
  0x0000026f070ee800 ConcurrentGCThread "G1 Marker#2" [stack: 0x000000b3c2500000,0x000000b3c2600000] [id=31276]
  0x0000026f070ef000 ConcurrentGCThread "G1 Marker#3" [stack: 0x000000b3c2600000,0x000000b3c2700000] [id=32684]
  0x0000026f023ba800 ConcurrentGCThread "G1 Refine#0" [stack: 0x000000b3c2000000,0x000000b3c2100000] [id=2336]
  0x0000026f023ba000 ConcurrentGCThread "G1 Refine#1" [stack: 0x000000b3c1f00000,0x000000b3c2000000] [id=30184]
  0x0000026f023b8000 ConcurrentGCThread "G1 Refine#2" [stack: 0x000000b3c1e00000,0x000000b3c1f00000] [id=43844]
  0x0000026f023b3800 ConcurrentGCThread "G1 Refine#3" [stack: 0x000000b3c1d00000,0x000000b3c1e00000] [id=7568]
  0x0000026f01ecc000 ConcurrentGCThread "G1 Refine#4" [stack: 0x000000b3c1c00000,0x000000b3c1d00000] [id=42552]
  0x0000026f01ecb800 ConcurrentGCThread "G1 Refine#5" [stack: 0x000000b3c1b00000,0x000000b3c1c00000] [id=44292]
  0x0000026f01ecb000 ConcurrentGCThread "G1 Refine#6" [stack: 0x000000b3c1a00000,0x000000b3c1b00000] [id=48560]
  0x0000026f01852800 ConcurrentGCThread "G1 Refine#7" [stack: 0x000000b3c1900000,0x000000b3c1a00000] [id=34584]
  0x0000026f01852000 ConcurrentGCThread "G1 Refine#8" [stack: 0x000000b3c1800000,0x000000b3c1900000] [id=21768]
  0x0000026f01851000 ConcurrentGCThread "G1 Refine#9" [stack: 0x000000b3c1700000,0x000000b3c1800000] [id=26316]
  0x0000026f0712c000 ConcurrentGCThread "G1 Refine#10" [stack: 0x000000b3c1600000,0x000000b3c1700000] [id=41744]
  0x0000026f07129800 ConcurrentGCThread "G1 Refine#11" [stack: 0x000000b3c1500000,0x000000b3c1600000] [id=19412]
  0x0000026f07127800 ConcurrentGCThread "G1 Refine#12" [stack: 0x000000b3c1400000,0x000000b3c1500000] [id=25472]
  0x0000026f03f16000 ConcurrentGCThread "G1 Refine#13" [stack: 0x000000b3c1300000,0x000000b3c1400000] [id=43812]
  0x0000026f023bb800 ConcurrentGCThread "G1 Young RemSet Sampling" [stack: 0x000000b3c2100000,0x000000b3c2200000] [id=39328]

Threads with active compile tasks:

VM state:not at safepoint (normal execution)

VM Mutex/Monitor currently owned by a thread: None

Heap address: 0x0000000700000000, size: 3072 MB, Compressed Oops mode: Zero based, Oop shift amount: 3
Narrow klass base: 0x0000000000000000, Narrow klass shift: 3
Compressed class space size: 1073741824 Address: 0x00000007c0000000

Heap:
 garbage-first heap   total 189440K, used 88609K [0x0000000700000000, 0x00000007001005c8, 0x00000007c0000000)
  region size 1024K, 12 young (12288K), 1 survivors (1024K)
 Metaspace       used 83893K, capacity 90153K, committed 90240K, reserved 1126400K
  class space    used 11256K, capacity 12335K, committed 12416K, reserved 1048576K
Heap Regions: E=young(eden), S=young(survivor), O=old, HS=humongous(starts), HC=humongous(continues), CS=collection set, F=free, A=archive, TS=gc time stamp, AC=allocation context, TAMS=top-at-mark-start (previous, next)
|   0|0x0000000700000000, 0x00000007000ffe98, 0x0000000700100000| 99%| O|  |TS  0|AC  0|TAMS 0x0000000700000000, 0x0000000700000000|
|   1|0x0000000700100000, 0x0000000700200000, 0x0000000700200000|100%|HS|  |TS  0|AC  0|TAMS 0x0000000700100000, 0x0000000700100000|
|   2|0x0000000700200000, 0x0000000700300000, 0x0000000700300000|100%|HC|  |TS  0|AC  0|TAMS 0x0000000700200000, 0x0000000700200000|
|   3|0x0000000700300000, 0x0000000700400000, 0x0000000700400000|100%|HS|  |TS  0|AC  0|TAMS 0x0000000700300000, 0x0000000700300000|
|   4|0x0000000700400000, 0x00000007004fc618, 0x0000000700500000| 98%| O|  |TS  0|AC  0|TAMS 0x0000000700400000, 0x0000000700400000|
|   5|0x0000000700500000, 0x00000007005ffff0, 0x0000000700600000| 99%| O|  |TS  0|AC  0|TAMS 0x0000000700500000, 0x0000000700500000|
|   6|0x0000000700600000, 0x0000000700700000, 0x0000000700700000|100%| O|  |TS  0|AC  0|TAMS 0x0000000700600000, 0x0000000700600000|
|   7|0x0000000700700000, 0x00000007007ffff0, 0x0000000700800000| 99%| O|  |TS  0|AC  0|TAMS 0x0000000700700000, 0x0000000700700000|
|   8|0x0000000700800000, 0x0000000700900000, 0x0000000700900000|100%| O|  |TS  0|AC  0|TAMS 0x0000000700800000, 0x0000000700800000|
|   9|0x0000000700900000, 0x00000007009fffe8, 0x0000000700a00000| 99%| O|  |TS  0|AC  0|TAMS 0x0000000700900000, 0x0000000700900000|
|  10|0x0000000700a00000, 0x0000000700afef68, 0x0000000700b00000| 99%| O|  |TS  0|AC  0|TAMS 0x0000000700a00000, 0x0000000700a00000|
|  11|0x0000000700b00000, 0x0000000700c00000, 0x0000000700c00000|100%| O|  |TS  0|AC  0|TAMS 0x0000000700b00000, 0x0000000700b00000|
|  12|0x0000000700c00000, 0x0000000700cfbd78, 0x0000000700d00000| 98%| O|  |TS  0|AC  0|TAMS 0x0000000700c00000, 0x0000000700c00000|
|  13|0x0000000700d00000, 0x0000000700dfcb30, 0x0000000700e00000| 98%| O|  |TS  0|AC  0|TAMS 0x0000000700d00000, 0x0000000700d00000|
|  14|0x0000000700e00000, 0x0000000700efff28, 0x0000000700f00000| 99%| O|  |TS  0|AC  0|TAMS 0x0000000700e00000, 0x0000000700e00000|
|  15|0x0000000700f00000, 0x0000000700fcb6d8, 0x0000000701000000| 79%| O|  |TS  0|AC  0|TAMS 0x0000000700f00000, 0x0000000700f00000|
|  16|0x0000000701000000, 0x00000007010ffff0, 0x0000000701100000| 99%| O|  |TS  0|AC  0|TAMS 0x0000000701000000, 0x0000000701000000|
|  17|0x0000000701100000, 0x00000007011fffe0, 0x0000000701200000| 99%| O|  |TS  0|AC  0|TAMS 0x0000000701100000, 0x0000000701100000|
|  18|0x0000000701200000, 0x00000007012ffff8, 0x0000000701300000| 99%| O|  |TS  0|AC  0|TAMS 0x0000000701200000, 0x0000000701200000|
|  19|0x0000000701300000, 0x00000007013fffd0, 0x0000000701400000| 99%| O|  |TS  0|AC  0|TAMS 0x0000000701300000, 0x0000000701300000|
|  20|0x0000000701400000, 0x00000007014ff820, 0x0000000701500000| 99%| O|  |TS  0|AC  0|TAMS 0x0000000701400000, 0x0000000701400000|
|  21|0x0000000701500000, 0x0000000701600000, 0x0000000701600000|100%| O|  |TS  0|AC  0|TAMS 0x0000000701500000, 0x0000000701500000|
|  22|0x0000000701600000, 0x00000007016fffe8, 0x0000000701700000| 99%| O|  |TS  0|AC  0|TAMS 0x0000000701600000, 0x0000000701600000|
|  23|0x0000000701700000, 0x00000007017ffff8, 0x0000000701800000| 99%| O|  |TS  0|AC  0|TAMS 0x0000000701700000, 0x0000000701700000|
|  24|0x0000000701800000, 0x00000007018ffff0, 0x0000000701900000| 99%| O|  |TS  0|AC  0|TAMS 0x0000000701800000, 0x0000000701800000|
|  25|0x0000000701900000, 0x0000000701a00000, 0x0000000701a00000|100%| O|  |TS  0|AC  0|TAMS 0x0000000701900000, 0x0000000701900000|
|  26|0x0000000701a00000, 0x0000000701affff0, 0x0000000701b00000| 99%| O|  |TS  0|AC  0|TAMS 0x0000000701a00000, 0x0000000701a00000|
|  27|0x0000000701b00000, 0x0000000701bfe718, 0x0000000701c00000| 99%| O|  |TS  0|AC  0|TAMS 0x0000000701b00000, 0x0000000701b00000|
|  28|0x0000000701c00000, 0x0000000701cff380, 0x0000000701d00000| 99%| O|  |TS  0|AC  0|TAMS 0x0000000701c00000, 0x0000000701c00000|
|  29|0x0000000701d00000, 0x0000000701e00000, 0x0000000701e00000|100%| O|  |TS  0|AC  0|TAMS 0x0000000701d00000, 0x0000000701d00000|
|  30|0x0000000701e00000, 0x0000000701efffb8, 0x0000000701f00000| 99%| O|  |TS  0|AC  0|TAMS 0x0000000701e00000, 0x0000000701e00000|
|  31|0x0000000701f00000, 0x0000000701fffff0, 0x0000000702000000| 99%| O|  |TS  0|AC  0|TAMS 0x0000000701f00000, 0x0000000701f00000|
|  32|0x0000000702000000, 0x00000007020ffff8, 0x0000000702100000| 99%| O|  |TS  0|AC  0|TAMS 0x0000000702000000, 0x0000000702000000|
|  33|0x0000000702100000, 0x0000000702200000, 0x0000000702200000|100%| O|  |TS  0|AC  0|TAMS 0x0000000702100000, 0x0000000702100000|
|  34|0x0000000702200000, 0x00000007022fffe8, 0x0000000702300000| 99%| O|  |TS  0|AC  0|TAMS 0x0000000702200000, 0x0000000702200000|
|  35|0x0000000702300000, 0x00000007023ffff0, 0x0000000702400000| 99%| O|  |TS  0|AC  0|TAMS 0x0000000702300000, 0x0000000702300000|
|  36|0x0000000702400000, 0x00000007024ffff8, 0x0000000702500000| 99%| O|  |TS  0|AC  0|TAMS 0x0000000702400000, 0x0000000702400000|
|  37|0x0000000702500000, 0x00000007025ffff0, 0x0000000702600000| 99%| O|  |TS  0|AC  0|TAMS 0x0000000702500000, 0x0000000702500000|
|  38|0x0000000702600000, 0x00000007026ffff8, 0x0000000702700000| 99%| O|  |TS  0|AC  0|TAMS 0x0000000702600000, 0x0000000702600000|
|  39|0x0000000702700000, 0x00000007027ffe98, 0x0000000702800000| 99%| O|  |TS  0|AC  0|TAMS 0x0000000702700000, 0x0000000702700000|
|  40|0x0000000702800000, 0x00000007028ffff0, 0x0000000702900000| 99%| O|  |TS  0|AC  0|TAMS 0x0000000702800000, 0x0000000702800000|
|  41|0x0000000702900000, 0x00000007029ffff8, 0x0000000702a00000| 99%| O|  |TS  0|AC  0|TAMS 0x0000000702900000, 0x0000000702900000|
|  42|0x0000000702a00000, 0x0000000702affff0, 0x0000000702b00000| 99%| O|  |TS  0|AC  0|TAMS 0x0000000702a00000, 0x0000000702a00000|
|  43|0x0000000702b00000, 0x0000000702bffff8, 0x0000000702c00000| 99%| O|  |TS  0|AC  0|TAMS 0x0000000702b00000, 0x0000000702b00000|
|  44|0x0000000702c00000, 0x0000000702cffff0, 0x0000000702d00000| 99%| O|  |TS  0|AC  0|TAMS 0x0000000702c00000, 0x0000000702c00000|
|  45|0x0000000702d00000, 0x0000000702e00000, 0x0000000702e00000|100%|HS|  |TS  0|AC  0|TAMS 0x0000000702d00000, 0x0000000702d00000|
|  46|0x0000000702e00000, 0x0000000702f00000, 0x0000000702f00000|100%|HC|  |TS  0|AC  0|TAMS 0x0000000702e00000, 0x0000000702e00000|
|  47|0x0000000702f00000, 0x0000000703000000, 0x0000000703000000|100%|HC|  |TS  0|AC  0|TAMS 0x0000000702f00000, 0x0000000702f00000|
|  48|0x0000000703000000, 0x0000000703100000, 0x0000000703100000|100%|HC|  |TS  0|AC  0|TAMS 0x0000000703000000, 0x0000000703000000|
|  49|0x0000000703100000, 0x0000000703200000, 0x0000000703200000|100%|HC|  |TS  0|AC  0|TAMS 0x0000000703100000, 0x0000000703100000|
|  50|0x0000000703200000, 0x0000000703300000, 0x0000000703300000|100%|HC|  |TS  0|AC  0|TAMS 0x0000000703200000, 0x0000000703200000|
|  51|0x0000000703300000, 0x0000000703400000, 0x0000000703400000|100%|HC|  |TS  0|AC  0|TAMS 0x0000000703300000, 0x0000000703300000|
|  52|0x0000000703400000, 0x0000000703500000, 0x0000000703500000|100%|HC|  |TS  0|AC  0|TAMS 0x0000000703400000, 0x0000000703400000|
|  53|0x0000000703500000, 0x0000000703600000, 0x0000000703600000|100%|HC|  |TS  0|AC  0|TAMS 0x0000000703500000, 0x0000000703500000|
|  54|0x0000000703600000, 0x0000000703700000, 0x0000000703700000|100%|HC|  |TS  0|AC  0|TAMS 0x0000000703600000, 0x0000000703600000|
|  55|0x0000000703700000, 0x0000000703800000, 0x0000000703800000|100%|HC|  |TS  0|AC  0|TAMS 0x0000000703700000, 0x0000000703700000|
|  56|0x0000000703800000, 0x0000000703900000, 0x0000000703900000|100%|HC|  |TS  0|AC  0|TAMS 0x0000000703800000, 0x0000000703800000|
|  57|0x0000000703900000, 0x0000000703a00000, 0x0000000703a00000|100%|HC|  |TS  0|AC  0|TAMS 0x0000000703900000, 0x0000000703900000|
|  58|0x0000000703a00000, 0x0000000703b00000, 0x0000000703b00000|100%|HC|  |TS  0|AC  0|TAMS 0x0000000703a00000, 0x0000000703a00000|
|  59|0x0000000703b00000, 0x0000000703c00000, 0x0000000703c00000|100%|HC|  |TS  0|AC  0|TAMS 0x0000000703b00000, 0x0000000703b00000|
|  60|0x0000000703c00000, 0x0000000703cfffe0, 0x0000000703d00000| 99%| O|  |TS  0|AC  0|TAMS 0x0000000703c00000, 0x0000000703c00000|
|  61|0x0000000703d00000, 0x0000000703e00000, 0x0000000703e00000|100%| O|  |TS  0|AC  0|TAMS 0x0000000703d00000, 0x0000000703d00000|
|  62|0x0000000703e00000, 0x0000000703f00000, 0x0000000703f00000|100%| O|  |TS  0|AC  0|TAMS 0x0000000703e00000, 0x0000000703e00000|
|  63|0x0000000703f00000, 0x0000000703fffff8, 0x0000000704000000| 99%| O|  |TS  0|AC  0|TAMS 0x0000000703f00000, 0x0000000703f00000|
|  64|0x0000000704000000, 0x00000007040ffff0, 0x0000000704100000| 99%| O|  |TS  0|AC  0|TAMS 0x0000000704000000, 0x0000000704000000|
|  65|0x0000000704100000, 0x0000000704200000, 0x0000000704200000|100%| O|  |TS  0|AC  0|TAMS 0x0000000704100000, 0x0000000704100000|
|  66|0x0000000704200000, 0x00000007042fffb8, 0x0000000704300000| 99%| O|  |TS  0|AC  0|TAMS 0x0000000704200000, 0x0000000704200000|
|  67|0x0000000704300000, 0x00000007043fffe8, 0x0000000704400000| 99%| O|  |TS  0|AC  0|TAMS 0x0000000704300000, 0x0000000704300000|
|  68|0x0000000704400000, 0x00000007044ffff0, 0x0000000704500000| 99%| O|  |TS  0|AC  0|TAMS 0x0000000704400000, 0x0000000704400000|
|  69|0x0000000704500000, 0x00000007045ffff8, 0x0000000704600000| 99%| O|  |TS  0|AC  0|TAMS 0x0000000704500000, 0x0000000704500000|
|  70|0x0000000704600000, 0x0000000704700000, 0x0000000704700000|100%|HS|  |TS  0|AC  0|TAMS 0x0000000704600000, 0x0000000704600000|
|  71|0x0000000704700000, 0x0000000704800000, 0x0000000704800000|100%|HC|  |TS  0|AC  0|TAMS 0x0000000704700000, 0x0000000704700000|
|  72|0x0000000704800000, 0x0000000704900000, 0x0000000704900000|100%|HC|  |TS  0|AC  0|TAMS 0x0000000704800000, 0x0000000704800000|
|  73|0x0000000704900000, 0x0000000704a00000, 0x0000000704a00000|100%|HC|  |TS  0|AC  0|TAMS 0x0000000704900000, 0x0000000704900000|
|  74|0x0000000704a00000, 0x0000000704b00000, 0x0000000704b00000|100%|HC|  |TS  0|AC  0|TAMS 0x0000000704a00000, 0x0000000704a00000|
|  75|0x0000000704b00000, 0x0000000704c00000, 0x0000000704c00000|100%|HC|  |TS  0|AC  0|TAMS 0x0000000704b00000, 0x0000000704b00000|
|  76|0x0000000704c00000, 0x0000000704c15f98, 0x0000000704d00000|  8%| O|  |TS  0|AC  0|TAMS 0x0000000704c00000, 0x0000000704c00000|
|  77|0x0000000704d00000, 0x0000000704d00000, 0x0000000704e00000|  0%| F|  |TS  0|AC  0|TAMS 0x0000000704d00000, 0x0000000704d00000|
|  78|0x0000000704e00000, 0x0000000704e00000, 0x0000000704f00000|  0%| F|  |TS  0|AC  0|TAMS 0x0000000704e00000, 0x0000000704e00000|
|  79|0x0000000704f00000, 0x0000000704f00000, 0x0000000705000000|  0%| F|  |TS  0|AC  0|TAMS 0x0000000704f00000, 0x0000000704f00000|
|  80|0x0000000705000000, 0x0000000705000000, 0x0000000705100000|  0%| F|  |TS  0|AC  0|TAMS 0x0000000705000000, 0x0000000705000000|
|  81|0x0000000705100000, 0x0000000705100000, 0x0000000705200000|  0%| F|  |TS  0|AC  0|TAMS 0x0000000705100000, 0x0000000705100000|
|  82|0x0000000705200000, 0x0000000705200000, 0x0000000705300000|  0%| F|  |TS  0|AC  0|TAMS 0x0000000705200000, 0x0000000705200000|
|  83|0x0000000705300000, 0x0000000705300000, 0x0000000705400000|  0%| F|  |TS  0|AC  0|TAMS 0x0000000705300000, 0x0000000705300000|
|  84|0x0000000705400000, 0x0000000705400000, 0x0000000705500000|  0%| F|  |TS  0|AC  0|TAMS 0x0000000705400000, 0x0000000705400000|
|  85|0x0000000705500000, 0x0000000705500000, 0x0000000705600000|  0%| F|  |TS  0|AC  0|TAMS 0x0000000705500000, 0x0000000705500000|
|  86|0x0000000705600000, 0x0000000705600000, 0x0000000705700000|  0%| F|  |TS  0|AC  0|TAMS 0x0000000705600000, 0x0000000705600000|
|  87|0x0000000705700000, 0x0000000705700000, 0x0000000705800000|  0%| F|  |TS  0|AC  0|TAMS 0x0000000705700000, 0x0000000705700000|
|  88|0x0000000705800000, 0x0000000705800000, 0x0000000705900000|  0%| F|  |TS  0|AC  0|TAMS 0x0000000705800000, 0x0000000705800000|
|  89|0x0000000705900000, 0x0000000705900000, 0x0000000705a00000|  0%| F|  |TS  0|AC  0|TAMS 0x0000000705900000, 0x0000000705900000|
|  90|0x0000000705a00000, 0x0000000705a00000, 0x0000000705b00000|  0%| F|  |TS  0|AC  0|TAMS 0x0000000705a00000, 0x0000000705a00000|
|  91|0x0000000705b00000, 0x0000000705b00000, 0x0000000705c00000|  0%| F|  |TS  0|AC  0|TAMS 0x0000000705b00000, 0x0000000705b00000|
|  92|0x0000000705c00000, 0x0000000705c00000, 0x0000000705d00000|  0%| F|  |TS  0|AC  0|TAMS 0x0000000705c00000, 0x0000000705c00000|
|  93|0x0000000705d00000, 0x0000000705d00000, 0x0000000705e00000|  0%| F|  |TS  0|AC  0|TAMS 0x0000000705d00000, 0x0000000705d00000|
|  94|0x0000000705e00000, 0x0000000705e00000, 0x0000000705f00000|  0%| F|  |TS  0|AC  0|TAMS 0x0000000705e00000, 0x0000000705e00000|
|  95|0x0000000705f00000, 0x0000000705f00000, 0x0000000706000000|  0%| F|  |TS  0|AC  0|TAMS 0x0000000705f00000, 0x0000000705f00000|
|  96|0x0000000706000000, 0x0000000706000000, 0x0000000706100000|  0%| F|  |TS  0|AC  0|TAMS 0x0000000706000000, 0x0000000706000000|
|  97|0x0000000706100000, 0x0000000706100000, 0x0000000706200000|  0%| F|  |TS  0|AC  0|TAMS 0x0000000706100000, 0x0000000706100000|
|  98|0x0000000706200000, 0x0000000706200000, 0x0000000706300000|  0%| F|  |TS  0|AC  0|TAMS 0x0000000706200000, 0x0000000706200000|
|  99|0x0000000706300000, 0x0000000706300000, 0x0000000706400000|  0%| F|  |TS  0|AC  0|TAMS 0x0000000706300000, 0x0000000706300000|
| 100|0x0000000706400000, 0x0000000706400000, 0x0000000706500000|  0%| F|  |TS  0|AC  0|TAMS 0x0000000706400000, 0x0000000706400000|
| 101|0x0000000706500000, 0x0000000706500000, 0x0000000706600000|  0%| F|  |TS  0|AC  0|TAMS 0x0000000706500000, 0x0000000706500000|
| 102|0x0000000706600000, 0x0000000706600000, 0x0000000706700000|  0%| F|  |TS  0|AC  0|TAMS 0x0000000706600000, 0x0000000706600000|
| 103|0x0000000706700000, 0x0000000706700000, 0x0000000706800000|  0%| F|  |TS  0|AC  0|TAMS 0x0000000706700000, 0x0000000706700000|
| 104|0x0000000706800000, 0x0000000706800000, 0x0000000706900000|  0%| F|  |TS  0|AC  0|TAMS 0x0000000706800000, 0x0000000706800000|
| 105|0x0000000706900000, 0x0000000706900000, 0x0000000706a00000|  0%| F|  |TS  0|AC  0|TAMS 0x0000000706900000, 0x0000000706900000|
| 106|0x0000000706a00000, 0x0000000706a00000, 0x0000000706b00000|  0%| F|  |TS  0|AC  0|TAMS 0x0000000706a00000, 0x0000000706a00000|
| 107|0x0000000706b00000, 0x0000000706b00000, 0x0000000706c00000|  0%| F|  |TS  0|AC  0|TAMS 0x0000000706b00000, 0x0000000706b00000|
| 108|0x0000000706c00000, 0x0000000706c00000, 0x0000000706d00000|  0%| F|  |TS  0|AC  0|TAMS 0x0000000706c00000, 0x0000000706c00000|
| 109|0x0000000706d00000, 0x0000000706d00000, 0x0000000706e00000|  0%| F|  |TS  0|AC  0|TAMS 0x0000000706d00000, 0x0000000706d00000|
| 110|0x0000000706e00000, 0x0000000706e00000, 0x0000000706f00000|  0%| F|  |TS  0|AC  0|TAMS 0x0000000706e00000, 0x0000000706e00000|
| 111|0x0000000706f00000, 0x0000000706f00000, 0x0000000707000000|  0%| F|  |TS  0|AC  0|TAMS 0x0000000706f00000, 0x0000000706f00000|
| 112|0x0000000707000000, 0x0000000707000000, 0x0000000707100000|  0%| F|  |TS  0|AC  0|TAMS 0x0000000707000000, 0x0000000707000000|
| 113|0x0000000707100000, 0x0000000707100000, 0x0000000707200000|  0%| F|  |TS  0|AC  0|TAMS 0x0000000707100000, 0x0000000707100000|
| 114|0x0000000707200000, 0x0000000707200000, 0x0000000707300000|  0%| F|  |TS  0|AC  0|TAMS 0x0000000707200000, 0x0000000707200000|
| 115|0x0000000707300000, 0x0000000707300000, 0x0000000707400000|  0%| F|  |TS  0|AC  0|TAMS 0x0000000707300000, 0x0000000707300000|
| 116|0x0000000707400000, 0x0000000707400000, 0x0000000707500000|  0%| F|  |TS  0|AC  0|TAMS 0x0000000707400000, 0x0000000707400000|
| 117|0x0000000707500000, 0x0000000707500000, 0x0000000707600000|  0%| F|  |TS  0|AC  0|TAMS 0x0000000707500000, 0x0000000707500000|
| 118|0x0000000707600000, 0x0000000707600000, 0x0000000707700000|  0%| F|  |TS  0|AC  0|TAMS 0x0000000707600000, 0x0000000707600000|
| 119|0x0000000707700000, 0x0000000707700000, 0x0000000707800000|  0%| F|  |TS  0|AC  0|TAMS 0x0000000707700000, 0x0000000707700000|
| 120|0x0000000707800000, 0x0000000707800000, 0x0000000707900000|  0%| F|  |TS  0|AC  0|TAMS 0x0000000707800000, 0x0000000707800000|
| 121|0x0000000707900000, 0x0000000707900000, 0x0000000707a00000|  0%| F|  |TS  0|AC  0|TAMS 0x0000000707900000, 0x0000000707900000|
| 122|0x0000000707a00000, 0x0000000707a00000, 0x0000000707b00000|  0%| F|  |TS  0|AC  0|TAMS 0x0000000707a00000, 0x0000000707a00000|
| 123|0x0000000707b00000, 0x0000000707b00000, 0x0000000707c00000|  0%| F|  |TS  0|AC  0|TAMS 0x0000000707b00000, 0x0000000707b00000|
| 124|0x0000000707c00000, 0x0000000707cb6458, 0x0000000707d00000| 71%| S|CS|TS 13|AC  0|TAMS 0x0000000707c00000, 0x0000000707c00000|
| 125|0x0000000707d00000, 0x0000000707d00000, 0x0000000707e00000|  0%| F|  |TS 13|AC  0|TAMS 0x0000000707d00000, 0x0000000707d00000|
| 126|0x0000000707e00000, 0x0000000707e00000, 0x0000000707f00000|  0%| F|  |TS 13|AC  0|TAMS 0x0000000707e00000, 0x0000000707e00000|
| 127|0x0000000707f00000, 0x0000000707f00000, 0x0000000708000000|  0%| F|  |TS 13|AC  0|TAMS 0x0000000707f00000, 0x0000000707f00000|
| 128|0x0000000708000000, 0x0000000708000000, 0x0000000708100000|  0%| F|  |TS 13|AC  0|TAMS 0x0000000708000000, 0x0000000708000000|
| 129|0x0000000708100000, 0x0000000708100000, 0x0000000708200000|  0%| F|  |TS 13|AC  0|TAMS 0x0000000708100000, 0x0000000708100000|
| 130|0x0000000708200000, 0x0000000708200000, 0x0000000708300000|  0%| F|  |TS 13|AC  0|TAMS 0x0000000708200000, 0x0000000708200000|
| 131|0x0000000708300000, 0x0000000708300000, 0x0000000708400000|  0%| F|  |TS 13|AC  0|TAMS 0x0000000708300000, 0x0000000708300000|
| 132|0x0000000708400000, 0x0000000708400000, 0x0000000708500000|  0%| F|  |TS 13|AC  0|TAMS 0x0000000708400000, 0x0000000708400000|
| 133|0x0000000708500000, 0x0000000708500000, 0x0000000708600000|  0%| F|  |TS 13|AC  0|TAMS 0x0000000708500000, 0x0000000708500000|
| 134|0x0000000708600000, 0x0000000708600000, 0x0000000708700000|  0%| F|  |TS 13|AC  0|TAMS 0x0000000708600000, 0x0000000708600000|
| 135|0x0000000708700000, 0x0000000708700000, 0x0000000708800000|  0%| F|  |TS 13|AC  0|TAMS 0x0000000708700000, 0x0000000708700000|
| 136|0x0000000708800000, 0x0000000708800000, 0x0000000708900000|  0%| F|  |TS 13|AC  0|TAMS 0x0000000708800000, 0x0000000708800000|
| 137|0x0000000708900000, 0x0000000708900000, 0x0000000708a00000|  0%| F|  |TS 13|AC  0|TAMS 0x0000000708900000, 0x0000000708900000|
| 138|0x0000000708a00000, 0x0000000708a00000, 0x0000000708b00000|  0%| F|  |TS 13|AC  0|TAMS 0x0000000708a00000, 0x0000000708a00000|
| 139|0x0000000708b00000, 0x0000000708b00000, 0x0000000708c00000|  0%| F|  |TS 13|AC  0|TAMS 0x0000000708b00000, 0x0000000708b00000|
| 140|0x0000000708c00000, 0x0000000708c00000, 0x0000000708d00000|  0%| F|  |TS 13|AC  0|TAMS 0x0000000708c00000, 0x0000000708c00000|
| 141|0x0000000708d00000, 0x0000000708d00000, 0x0000000708e00000|  0%| F|  |TS 13|AC  0|TAMS 0x0000000708d00000, 0x0000000708d00000|
| 142|0x0000000708e00000, 0x0000000708e00000, 0x0000000708f00000|  0%| F|  |TS 13|AC  0|TAMS 0x0000000708e00000, 0x0000000708e00000|
| 143|0x0000000708f00000, 0x0000000708f00000, 0x0000000709000000|  0%| F|  |TS 13|AC  0|TAMS 0x0000000708f00000, 0x0000000708f00000|
| 144|0x0000000709000000, 0x0000000709000000, 0x0000000709100000|  0%| F|  |TS 13|AC  0|TAMS 0x0000000709000000, 0x0000000709000000|
| 145|0x0000000709100000, 0x0000000709100000, 0x0000000709200000|  0%| F|  |TS 13|AC  0|TAMS 0x0000000709100000, 0x0000000709100000|
| 146|0x0000000709200000, 0x0000000709200000, 0x0000000709300000|  0%| F|  |TS 13|AC  0|TAMS 0x0000000709200000, 0x0000000709200000|
| 147|0x0000000709300000, 0x0000000709300000, 0x0000000709400000|  0%| F|  |TS 13|AC  0|TAMS 0x0000000709300000, 0x0000000709300000|
| 148|0x0000000709400000, 0x0000000709400000, 0x0000000709500000|  0%| F|  |TS 13|AC  0|TAMS 0x0000000709400000, 0x0000000709400000|
| 149|0x0000000709500000, 0x0000000709500000, 0x0000000709600000|  0%| F|  |TS 13|AC  0|TAMS 0x0000000709500000, 0x0000000709500000|
| 150|0x0000000709600000, 0x0000000709600000, 0x0000000709700000|  0%| F|  |TS 13|AC  0|TAMS 0x0000000709600000, 0x0000000709600000|
| 151|0x0000000709700000, 0x0000000709700000, 0x0000000709800000|  0%| F|  |TS 13|AC  0|TAMS 0x0000000709700000, 0x0000000709700000|
| 152|0x0000000709800000, 0x0000000709800000, 0x0000000709900000|  0%| F|  |TS 13|AC  0|TAMS 0x0000000709800000, 0x0000000709800000|
| 153|0x0000000709900000, 0x0000000709900000, 0x0000000709a00000|  0%| F|  |TS 13|AC  0|TAMS 0x0000000709900000, 0x0000000709900000|
| 154|0x0000000709a00000, 0x0000000709a00000, 0x0000000709b00000|  0%| F|  |TS 13|AC  0|TAMS 0x0000000709a00000, 0x0000000709a00000|
| 155|0x0000000709b00000, 0x0000000709b00000, 0x0000000709c00000|  0%| F|  |TS 13|AC  0|TAMS 0x0000000709b00000, 0x0000000709b00000|
| 156|0x0000000709c00000, 0x0000000709c00000, 0x0000000709d00000|  0%| F|  |TS 13|AC  0|TAMS 0x0000000709c00000, 0x0000000709c00000|
| 157|0x0000000709d00000, 0x0000000709d00000, 0x0000000709e00000|  0%| F|  |TS 13|AC  0|TAMS 0x0000000709d00000, 0x0000000709d00000|
| 158|0x0000000709e00000, 0x0000000709e00000, 0x0000000709f00000|  0%| F|  |TS 13|AC  0|TAMS 0x0000000709e00000, 0x0000000709e00000|
| 159|0x0000000709f00000, 0x0000000709f00000, 0x000000070a000000|  0%| F|  |TS 13|AC  0|TAMS 0x0000000709f00000, 0x0000000709f00000|
| 160|0x000000070a000000, 0x000000070a000000, 0x000000070a100000|  0%| F|  |TS 13|AC  0|TAMS 0x000000070a000000, 0x000000070a000000|
| 161|0x000000070a100000, 0x000000070a100000, 0x000000070a200000|  0%| F|  |TS 13|AC  0|TAMS 0x000000070a100000, 0x000000070a100000|
| 162|0x000000070a200000, 0x000000070a200000, 0x000000070a300000|  0%| F|  |TS 13|AC  0|TAMS 0x000000070a200000, 0x000000070a200000|
| 163|0x000000070a300000, 0x000000070a300000, 0x000000070a400000|  0%| F|  |TS 13|AC  0|TAMS 0x000000070a300000, 0x000000070a300000|
| 164|0x000000070a400000, 0x000000070a400000, 0x000000070a500000|  0%| F|  |TS 13|AC  0|TAMS 0x000000070a400000, 0x000000070a400000|
| 165|0x000000070a500000, 0x000000070a500000, 0x000000070a600000|  0%| F|  |TS 13|AC  0|TAMS 0x000000070a500000, 0x000000070a500000|
| 166|0x000000070a600000, 0x000000070a600000, 0x000000070a700000|  0%| F|  |TS 13|AC  0|TAMS 0x000000070a600000, 0x000000070a600000|
| 167|0x000000070a700000, 0x000000070a700000, 0x000000070a800000|  0%| F|  |TS 13|AC  0|TAMS 0x000000070a700000, 0x000000070a700000|
| 168|0x000000070a800000, 0x000000070a800000, 0x000000070a900000|  0%| F|  |TS 13|AC  0|TAMS 0x000000070a800000, 0x000000070a800000|
| 169|0x000000070a900000, 0x000000070a900000, 0x000000070aa00000|  0%| F|  |TS 13|AC  0|TAMS 0x000000070a900000, 0x000000070a900000|
| 170|0x000000070aa00000, 0x000000070aa00000, 0x000000070ab00000|  0%| F|  |TS 13|AC  0|TAMS 0x000000070aa00000, 0x000000070aa00000|
| 171|0x000000070ab00000, 0x000000070ab00000, 0x000000070ac00000|  0%| F|  |TS 13|AC  0|TAMS 0x000000070ab00000, 0x000000070ab00000|
| 172|0x000000070ac00000, 0x000000070ac00000, 0x000000070ad00000|  0%| F|  |TS 13|AC  0|TAMS 0x000000070ac00000, 0x000000070ac00000|
| 173|0x000000070ad00000, 0x000000070ad00000, 0x000000070ae00000|  0%| F|  |TS 13|AC  0|TAMS 0x000000070ad00000, 0x000000070ad00000|
| 174|0x000000070ae00000, 0x000000070ae18e68, 0x000000070af00000|  9%| E|  |TS 13|AC  0|TAMS 0x000000070ae00000, 0x000000070ae00000|
| 175|0x000000070af00000, 0x000000070b000000, 0x000000070b000000|100%| E|CS|TS 13|AC  0|TAMS 0x000000070af00000, 0x000000070af00000|
| 176|0x000000070b000000, 0x000000070b100000, 0x000000070b100000|100%| E|CS|TS 13|AC  0|TAMS 0x000000070b000000, 0x000000070b000000|
| 177|0x000000070b100000, 0x000000070b200000, 0x000000070b200000|100%| E|CS|TS 13|AC  0|TAMS 0x000000070b100000, 0x000000070b100000|
| 178|0x000000070b200000, 0x000000070b300000, 0x000000070b300000|100%| E|CS|TS 13|AC  0|TAMS 0x000000070b200000, 0x000000070b200000|
| 179|0x000000070b300000, 0x000000070b400000, 0x000000070b400000|100%| E|CS|TS 13|AC  0|TAMS 0x000000070b300000, 0x000000070b300000|
| 180|0x000000070b400000, 0x000000070b500000, 0x000000070b500000|100%| E|CS|TS 13|AC  0|TAMS 0x000000070b400000, 0x000000070b400000|
| 181|0x000000070b500000, 0x000000070b600000, 0x000000070b600000|100%| E|CS|TS 13|AC  0|TAMS 0x000000070b500000, 0x000000070b500000|
| 182|0x000000070b600000, 0x000000070b700000, 0x000000070b700000|100%| E|CS|TS 13|AC  0|TAMS 0x000000070b600000, 0x000000070b600000|
| 183|0x000000070b700000, 0x000000070b800000, 0x000000070b800000|100%| E|CS|TS 13|AC  0|TAMS 0x000000070b700000, 0x000000070b700000|
| 184|0x000000070b800000, 0x000000070b900000, 0x000000070b900000|100%| E|CS|TS 13|AC  0|TAMS 0x000000070b800000, 0x000000070b800000|

Card table byte_map: [0x0000026f1f4d0000,0x0000026f1fad0000] byte_map_base: 0x0000026f1bcd0000

Marking Bits (Prev, Next): (CMBitMap*) 0x0000026f0712ca48, (CMBitMap*) 0x0000026f0712ca10
 Prev Bits: [0x0000026f230d0000, 0x0000026f260d0000)
 Next Bits: [0x0000026f200d0000, 0x0000026f230d0000)

Polling page: 0x0000026f031b0000

CodeHeap 'non-profiled nmethods': size=119168Kb used=22499Kb max_used=22499Kb free=96668Kb
 bounds [0x0000026f17470000, 0x0000026f18a70000, 0x0000026f1e8d0000]
CodeHeap 'profiled nmethods': size=119168Kb used=43305Kb max_used=45231Kb free=75862Kb
 bounds [0x0000026f10010000, 0x0000026f12c80000, 0x0000026f17470000]
CodeHeap 'non-nmethods': size=7424Kb used=3461Kb max_used=3585Kb free=3962Kb
 bounds [0x0000026f0f8d0000, 0x0000026f0fc70000, 0x0000026f10010000]
 total_blobs=33999 nmethods=18177 adapters=1094
 compilation: enabled

Compilation events (10 events):
Event: 1339.044 Thread 0x0000026f02ed0000 23415       1       ui.views.n.q::ftq (5 bytes)
Event: 1339.044 Thread 0x0000026f02ed0000 nmethod 23415 0x0000026f18a6ab10 code [0x0000026f18a6acc0, 0x0000026f18a6add8]
Event: 1339.070 Thread 0x0000026f02ed0000 23417       3       java.awt.DefaultKeyboardFocusManager$TypeAheadMarker::<init> (15 bytes)
Event: 1339.070 Thread 0x0000026f02ecd000 23416  s    3       java.awt.DefaultKeyboardFocusManager::enqueueKeyEvents (123 bytes)
Event: 1339.070 Thread 0x0000026f02ed0000 nmethod 23417 0x0000026f11b83f90 code [0x0000026f11b84140, 0x0000026f11b84358]
Event: 1339.071 Thread 0x0000026f02ecd000 nmethod 23416 0x0000026f11fd6190 code [0x0000026f11fd64e0, 0x0000026f11fd7b60]
Event: 1339.154 Thread 0x0000026f02ecb800 23418  s!   4       ui.frmwork.d.l::b (73 bytes)
Event: 1339.160 Thread 0x0000026f02ecb800 nmethod 23418 0x0000026f18a6ae90 code [0x0000026f18a6b080, 0x0000026f18a6b930]
Event: 1339.344 Thread 0x0000026f02ecd800 23419       3       sun.awt.windows.WComponentPeer::handleJavaMouseEvent (75 bytes)
Event: 1339.345 Thread 0x0000026f02ecd800 nmethod 23419 0x0000026f11f0f910 code [0x0000026f11f0fba0, 0x0000026f11f10980]

GC Heap History (10 events):
Event: 1331.066 GC heap before
{Heap before GC invocations=358 (full 164):
 garbage-first heap   total 189440K, used 138589K [0x0000000700000000, 0x00000007001005c8, 0x00000007c0000000)
  region size 1024K, 60 young (61440K), 1 survivors (1024K)
 Metaspace       used 83884K, capacity 90153K, committed 90240K, reserved 1126400K
  class space    used 11256K, capacity 12335K, committed 12416K, reserved 1048576K
}
Event: 1331.068 GC heap after
{Heap after GC invocations=359 (full 164):
 garbage-first heap   total 189440K, used 78206K [0x0000000700000000, 0x00000007001005c8, 0x00000007c0000000)
  region size 1024K, 1 young (1024K), 1 survivors (1024K)
 Metaspace       used 83884K, capacity 90153K, committed 90240K, reserved 1126400K
  class space    used 11256K, capacity 12335K, committed 12416K, reserved 1048576K
}
Event: 1335.000 GC heap before
{Heap before GC invocations=359 (full 164):
 garbage-first heap   total 189440K, used 138622K [0x0000000700000000, 0x00000007001005c8, 0x00000007c0000000)
  region size 1024K, 60 young (61440K), 1 survivors (1024K)
 Metaspace       used 83889K, capacity 90153K, committed 90240K, reserved 1126400K
  class space    used 11256K, capacity 12335K, committed 12416K, reserved 1048576K
}
Event: 1335.002 GC heap after
{Heap after GC invocations=360 (full 164):
 garbage-first heap   total 189440K, used 78154K [0x0000000700000000, 0x00000007001005c8, 0x00000007c0000000)
  region size 1024K, 1 young (1024K), 1 survivors (1024K)
 Metaspace       used 83889K, capacity 90153K, committed 90240K, reserved 1126400K
  class space    used 11256K, capacity 12335K, committed 12416K, reserved 1048576K
}
Event: 1336.356 GC heap before
{Heap before GC invocations=360 (full 164):
 garbage-first heap   total 189440K, used 138570K [0x0000000700000000, 0x00000007001005c8, 0x00000007c0000000)
  region size 1024K, 60 young (61440K), 1 survivors (1024K)
 Metaspace       used 83889K, capacity 90153K, committed 90240K, reserved 1126400K
  class space    used 11256K, capacity 12335K, committed 12416K, reserved 1048576K
}
Event: 1336.359 GC heap after
{Heap after GC invocations=361 (full 164):
 garbage-first heap   total 189440K, used 78050K [0x0000000700000000, 0x00000007001005c8, 0x00000007c0000000)
  region size 1024K, 1 young (1024K), 1 survivors (1024K)
 Metaspace       used 83889K, capacity 90153K, committed 90240K, reserved 1126400K
  class space    used 11256K, capacity 12335K, committed 12416K, reserved 1048576K
}
Event: 1337.264 GC heap before
{Heap before GC invocations=361 (full 164):
 garbage-first heap   total 189440K, used 138466K [0x0000000700000000, 0x00000007001005c8, 0x00000007c0000000)
  region size 1024K, 60 young (61440K), 1 survivors (1024K)
 Metaspace       used 83889K, capacity 90153K, committed 90240K, reserved 1126400K
  class space    used 11256K, capacity 12335K, committed 12416K, reserved 1048576K
}
Event: 1337.266 GC heap after
{Heap after GC invocations=362 (full 164):
 garbage-first heap   total 189440K, used 78001K [0x0000000700000000, 0x00000007001005c8, 0x00000007c0000000)
  region size 1024K, 1 young (1024K), 1 survivors (1024K)
 Metaspace       used 83889K, capacity 90153K, committed 90240K, reserved 1126400K
  class space    used 11256K, capacity 12335K, committed 12416K, reserved 1048576K
}
Event: 1338.045 GC heap before
{Heap before GC invocations=362 (full 164):
 garbage-first heap   total 189440K, used 138417K [0x0000000700000000, 0x00000007001005c8, 0x00000007c0000000)
  region size 1024K, 60 young (61440K), 1 survivors (1024K)
 Metaspace       used 83889K, capacity 90153K, committed 90240K, reserved 1126400K
  class space    used 11256K, capacity 12335K, committed 12416K, reserved 1048576K
}
Event: 1338.047 GC heap after
{Heap after GC invocations=363 (full 164):
 garbage-first heap   total 189440K, used 78369K [0x0000000700000000, 0x00000007001005c8, 0x00000007c0000000)
  region size 1024K, 1 young (1024K), 1 survivors (1024K)
 Metaspace       used 83889K, capacity 90153K, committed 90240K, reserved 1126400K
  class space    used 11256K, capacity 12335K, committed 12416K, reserved 1048576K
}

Deoptimization events (10 events):
Event: 1203.308 Thread 0x0000026f08527000 Uncommon trap: reason=bimorphic_or_optimized_type_check action=maybe_recompile pc=0x0000026f187234fc method=java.awt.Component.processMouseMotionEvent(Ljava/awt/event/MouseEvent;)V @ 52 c2
Event: 1203.314 Thread 0x0000026f08527000 Uncommon trap: reason=bimorphic_or_optimized_type_check action=maybe_recompile pc=0x0000026f187234fc method=java.awt.Component.processMouseMotionEvent(Ljava/awt/event/MouseEvent;)V @ 52 c2
Event: 1203.322 Thread 0x0000026f08527000 Uncommon trap: reason=bimorphic_or_optimized_type_check action=maybe_recompile pc=0x0000026f187234fc method=java.awt.Component.processMouseMotionEvent(Ljava/awt/event/MouseEvent;)V @ 52 c2
Event: 1203.328 Thread 0x0000026f08527000 Uncommon trap: reason=bimorphic_or_optimized_type_check action=maybe_recompile pc=0x0000026f187234fc method=java.awt.Component.processMouseMotionEvent(Ljava/awt/event/MouseEvent;)V @ 52 c2
Event: 1204.171 Thread 0x0000026f08527000 Uncommon trap: reason=unstable_if action=reinterpret pc=0x0000026f18325f30 method=java.awt.Container.remove(Ljava/awt/Component;)V @ 12 c2
Event: 1204.192 Thread 0x0000026f08527000 Uncommon trap: reason=unstable_if action=reinterpret pc=0x0000026f1897236c method=ui.frmwork.c.i.paintComponent(Ljava/awt/Graphics;)V @ 109 c2
Event: 1204.198 Thread 0x0000026f08527000 Uncommon trap: reason=unstable_if action=reinterpret pc=0x0000026f1806bfd8 method=ui.data.o.b.c.a.d.a(Lui/data/o/a;Ljava/awt/Rectangle;Z)Z @ 58 c2
Event: 1204.198 Thread 0x0000026f08527000 Uncommon trap: reason=unstable_if action=reinterpret pc=0x0000026f18327630 method=sun.java2d.SunGraphics2D.drawImage(Ljava/awt/Image;IIIILjava/awt/Color;Ljava/awt/image/ImageObserver;)Z @ 82 c2
Event: 1204.198 Thread 0x0000026f08527000 Uncommon trap: reason=unstable_if action=reinterpret pc=0x0000026f181167e4 method=sun.java2d.pipe.DrawImage.scaleSurfaceData(Lsun/java2d/SunGraphics2D;Lsun/java2d/pipe/Region;Lsun/java2d/SurfaceData;Lsun/java2d/SurfaceData;Lsun/java2d/loops/SurfaceType;Ls
Event: 1215.412 Thread 0x0000026f08527000 Uncommon trap: reason=bimorphic_or_optimized_type_check action=maybe_recompile pc=0x0000026f179a1514 method=javax.swing.ToolTipManager.mouseMoved(Ljava/awt/event/MouseEvent;)V @ 49 c2

Classes redefined (0 events):
No events

Internal exceptions (10 events):
Event: 511.224 Thread 0x0000026f08527000 Exception <a 'java/lang/NoSuchMethodError'{0x000000070903fa50}: java.lang.invoke.DirectMethodHandle$Holder.invokeSpecial(Ljava/lang/Object;Ljava/lang/Object;IILjava/lang/Object;Ljava/lang/Object;Ljava/lang/Object;Ljava/lang/Object;Ljava/lang/Object;Ljava/
Event: 511.224 Thread 0x0000026f08527000 Exception <a 'java/lang/NoSuchMethodError'{0x0000000709043c78}: java.lang.invoke.DelegatingMethodHandle$Holder.reinvoke_L(Ljava/lang/Object;IILjava/lang/Object;Ljava/lang/Object;Ljava/lang/Object;Ljava/lang/Object;Ljava/lang/Object;Ljava/lang/Object;Ljava
Event: 511.225 Thread 0x0000026f08527000 Exception <a 'java/lang/NoSuchMethodError'{0x0000000709095610}: java.lang.invoke.DirectMethodHandle$Holder.invokeSpecial(Ljava/lang/Object;Ljava/lang/Object;Ljava/lang/Object;Ljava/lang/Object;Ljava/lang/Object;Ljava/lang/Object;Ljava/lang/Object;Ljava/la
Event: 511.227 Thread 0x0000026f08527000 Exception <a 'java/lang/NoSuchMethodError'{0x0000000708f23e20}: java.lang.invoke.DirectMethodHandle$Holder.invokeSpecial(Ljava/lang/Object;Ljava/lang/Object;IILjava/lang/Object;IILjava/lang/Object;Ljava/lang/Object;)Ljava/lang/Object;> (0x0000000708f23e20
Event: 511.227 Thread 0x0000026f08527000 Exception <a 'java/lang/NoSuchMethodError'{0x0000000708f27758}: java.lang.invoke.DelegatingMethodHandle$Holder.reinvoke_L(Ljava/lang/Object;IILjava/lang/Object;IILjava/lang/Object;Ljava/lang/Object;)Ljava/lang/Object;> (0x0000000708f27758) thrown at [t:/w
Event: 511.228 Thread 0x0000026f08527000 Exception <a 'java/lang/NoSuchMethodError'{0x0000000708f7e4d0}: java.lang.invoke.DirectMethodHandle$Holder.invokeSpecial(Ljava/lang/Object;Ljava/lang/Object;Ljava/lang/Object;IILjava/lang/Object;Ljava/lang/Object;)Ljava/lang/Object;> (0x0000000708f7e4d0) 
Event: 549.608 Thread 0x0000026f08527000 Implicit null exception at 0x0000026f180187c2 to 0x0000026f180189cc
Event: 990.535 Thread 0x0000026f08527000 Implicit null exception at 0x0000026f186c1ce0 to 0x0000026f186c407d
Event: 1016.540 Thread 0x0000026f07eb7000 Implicit null exception at 0x0000026f183b1d14 to 0x0000026f183b3c15
Event: 1189.246 Thread 0x0000026f08527000 Implicit null exception at 0x0000026f1820a3e9 to 0x0000026f1820b445

Events (10 events):
Event: 1338.047 Executing VM operation: G1IncCollectionPause done
Event: 1338.068 Thread 0x0000026f32788000 Thread added: 0x0000026f32788000
Event: 1338.071 Thread 0x0000026f32788000 Thread exited: 0x0000026f32788000
Event: 1339.041 Thread 0x0000026f32788000 Thread added: 0x0000026f32788000
Event: 1339.063 Executing VM operation: RevokeBias
Event: 1339.063 Executing VM operation: RevokeBias done
Event: 1339.064 Executing VM operation: RevokeBias
Event: 1339.064 Executing VM operation: RevokeBias done
Event: 1339.087 Thread 0x0000026f32790000 Thread added: 0x0000026f32790000
Event: 1339.090 Thread 0x0000026f32790000 Thread exited: 0x0000026f32790000


Dynamic libraries:
0x00007ff7548d0000 - 0x00007ff754900000 	D:\Vivada\Vivado\2019.1\bin\unwrapped\win64.o\vivado.exe
0x00007fffbf5e0000 - 0x00007fffbf848000 	C:\WINDOWS\SYSTEM32\ntdll.dll
0x00007fffbde20000 - 0x00007fffbdee9000 	C:\WINDOWS\System32\KERNEL32.DLL
0x00007fffbcce0000 - 0x00007fffbd0d8000 	C:\WINDOWS\System32\KERNELBASE.dll
0x00007fffbd170000 - 0x00007fffbd2bb000 	C:\WINDOWS\System32\ucrtbase.dll
0x00007fff90a70000 - 0x00007fff90afd000 	C:\WINDOWS\SYSTEM32\MSVCP140.dll
0x00007fff90980000 - 0x00007fff9099e000 	C:\WINDOWS\SYSTEM32\VCRUNTIME140.dll
0x00007fffab050000 - 0x00007fffab064000 	D:\Vivada\Vivado\2019.1\lib\win64.o\libboost_signals.dll
0x00007fffaaef0000 - 0x00007fffaaf04000 	D:\Vivada\Vivado\2019.1\lib\win64.o\librdi_commonmain.dll
0x00007fff90a40000 - 0x00007fff90a4c000 	C:\WINDOWS\SYSTEM32\VCRUNTIME140_1.dll
0x00007fff3e700000 - 0x00007fff3f5e2000 	D:\Vivada\Vivado\2019.1\lib\win64.o\librdi_common.dll
0x00007fffbee80000 - 0x00007fffbf047000 	C:\WINDOWS\System32\USER32.dll
0x00007fffbccb0000 - 0x00007fffbccd7000 	C:\WINDOWS\System32\win32u.dll
0x00007fffbd660000 - 0x00007fffbd68b000 	C:\WINDOWS\System32\GDI32.dll
0x00007fffbc960000 - 0x00007fffbca8c000 	C:\WINDOWS\System32\gdi32full.dll
0x00007fffa7e00000 - 0x00007fffa7e26000 	D:\Vivada\Vivado\2019.1\lib\win64.o\libboost_filesystem.dll
0x00007fffb6cd0000 - 0x00007fffb6cda000 	D:\Vivada\Vivado\2019.1\lib\win64.o\librdi_commonversion.dll
0x00007fffbd710000 - 0x00007fffbd7c4000 	C:\WINDOWS\System32\ADVAPI32.dll
0x00007fffbcc00000 - 0x00007fffbcca3000 	C:\WINDOWS\System32\msvcp_win.dll
0x00007fffbe6d0000 - 0x00007fffbe779000 	C:\WINDOWS\System32\msvcrt.dll
0x00007fffbdef0000 - 0x00007fffbe63f000 	C:\WINDOWS\System32\SHELL32.dll
0x00007fff7c080000 - 0x00007fff7c1a1000 	D:\Vivada\Vivado\2019.1\lib\win64.o\librdi_commonxillic.dll
0x00007fffbca90000 - 0x00007fffbcbfb000 	C:\WINDOWS\System32\wintypes.dll
0x00007fffbd5b0000 - 0x00007fffbd656000 	C:\WINDOWS\System32\sechost.dll
0x00007fffbd7d0000 - 0x00007fffbdb5b000 	C:\WINDOWS\System32\combase.dll
0x000000006f5e0000 - 0x000000006f70b000 	D:\Vivada\Vivado\2019.1\lib\win64.o\tcl85t.dll
0x00007fffbf050000 - 0x00007fffbf168000 	C:\WINDOWS\System32\RPCRT4.dll
0x00007fffbe650000 - 0x00007fffbe6c4000 	C:\WINDOWS\System32\WS2_32.dll
0x00007fffa8020000 - 0x00007fffa8034000 	D:\Vivada\Vivado\2019.1\lib\win64.o\libboost_date_time.dll
0x00007fff91a60000 - 0x00007fff91adf000 	D:\Vivada\Vivado\2019.1\lib\win64.o\libboost_program_options.dll
0x00007fff70150000 - 0x00007fff70264000 	D:\Vivada\Vivado\2019.1\lib\win64.o\libboost_regex.dll
0x00007fff3fdc0000 - 0x00007fff4012e000 	D:\Vivada\Vivado\2019.1\lib\win64.o\libCOIN-all.dll
0x00007fffb3ab0000 - 0x00007fffb3abb000 	D:\Vivada\Vivado\2019.1\lib\win64.o\libboost_system.dll
0x00007fff9b540000 - 0x00007fff9b561000 	D:\Vivada\Vivado\2019.1\lib\win64.o\libboost_thread.dll
0x00007fff8bc40000 - 0x00007fff8bcc2000 	D:\Vivada\Vivado\2019.1\lib\win64.o\libhdlpsolve.dll
0x00007fffadf60000 - 0x00007fffadf6f000 	D:\Vivada\Vivado\2019.1\lib\win64.o\libboost_xilinx.dll
0x00007fff808a0000 - 0x00007fff80945000 	D:\Vivada\Vivado\2019.1\lib\win64.o\libhdxml.dll
0x00007fff99080000 - 0x00007fff990ae000 	D:\Vivada\Vivado\2019.1\lib\win64.o\libisl_sysinfo.dll
0x00007ffee3280000 - 0x00007ffee3e2f400 	D:\Vivada\Vivado\2019.1\lib\win64.o\libisl_iostreams.dll
0x00007fffa7fe0000 - 0x00007fffa7ffa000 	D:\Vivada\Vivado\2019.1\lib\win64.o\pthreadVC2.dll
0x00007fff81a10000 - 0x00007fff81a75000 	D:\Vivada\Vivado\2019.1\lib\win64.o\liblmx6.0.dll
0x00007fffa7e40000 - 0x00007fffa7e5c000 	D:\Vivada\Vivado\2019.1\lib\win64.o\librdiconfig.dll
0x00007fff919f0000 - 0x00007fff91a11000 	D:\Vivada\Vivado\2019.1\lib\win64.o\librdizlib.dll
0x0000000012000000 - 0x0000000012270000 	D:\Vivada\Vivado\2019.1\lib\win64.o\xerces-c_3_1.dll
0x00007fff91b80000 - 0x00007fff91e09000 	C:\WINDOWS\SYSTEM32\WININET.dll
0x00007fffb4240000 - 0x00007fffb4368000 	C:\WINDOWS\SYSTEM32\WINHTTP.dll
0x00007fff97400000 - 0x00007fff975de000 	C:\WINDOWS\SYSTEM32\urlmon.dll
0x00007fffa0e20000 - 0x00007fffa0e3a000 	C:\WINDOWS\SYSTEM32\NETAPI32.dll
0x00007fff4b700000 - 0x00007fff4b9d8000 	D:\Vivada\Vivado\2019.1\lib\win64.o\libXil_lmgr11.dll
0x00007fffbf2c0000 - 0x00007fffbf3b2000 	C:\WINDOWS\System32\COMDLG32.dll
0x00007fffbe780000 - 0x00007fffbe872000 	C:\WINDOWS\System32\shcore.dll
0x00007fff98d60000 - 0x00007fff98d6a000 	C:\WINDOWS\SYSTEM32\WSOCK32.dll
0x00007fffbd690000 - 0x00007fffbd6f7000 	C:\WINDOWS\System32\SHLWAPI.dll
0x00007fff90940000 - 0x00007fff90970000 	C:\WINDOWS\SYSTEM32\VCOMP140.DLL
0x00007fffbdd40000 - 0x00007fffbde17000 	C:\WINDOWS\System32\OLEAUT32.dll
0x00007ffede7b0000 - 0x00007ffedf641000 	D:\Vivada\Vivado\2019.1\lib\win64.o\gurobi65.dll
0x00007fffbd410000 - 0x00007fffbd5a7000 	C:\WINDOWS\System32\ole32.dll
0x00007fffaafd0000 - 0x00007fffaafdd000 	D:\Vivada\Vivado\2019.1\lib\win64.o\libboost_chrono.dll
0x00007fffbd0e0000 - 0x00007fffbd15f000 	C:\WINDOWS\System32\WINTRUST.dll
0x00007fffbc730000 - 0x00007fffbc8a7000 	C:\WINDOWS\System32\CRYPT32.dll
0x00007fff97130000 - 0x00007fff973f5000 	C:\WINDOWS\SYSTEM32\iertutil.dll
0x00007fffa7de0000 - 0x00007fffa7dfb000 	D:\Vivada\Vivado\2019.1\lib\win64.o\libboost_iostreams.dll
0x00007fffba350000 - 0x00007fffbabad000 	C:\WINDOWS\SYSTEM32\windows.storage.dll
0x00007fff8c680000 - 0x00007fff8c6a5000 	D:\Vivada\Vivado\2019.1\lib\win64.o\libisl_iosutils.dll
0x00007fff9ae70000 - 0x00007fff9af24000 	C:\WINDOWS\WinSxS\amd64_microsoft.windows.common-controls_6595b64144ccf1df_5.82.26100.5074_none_87eb64a37a300c6e\COMCTL32.dll
0x00007fffb6280000 - 0x00007fffb62a3000 	C:\WINDOWS\SYSTEM32\dhcpcsvc.DLL
0x00007fffa0df0000 - 0x00007fffa0e19000 	C:\WINDOWS\SYSTEM32\srvcli.dll
0x00007fffbad30000 - 0x00007fffbad3d000 	C:\WINDOWS\SYSTEM32\netutils.dll
0x00007fffbf170000 - 0x00007fffbf1a1000 	C:\WINDOWS\System32\IMM32.DLL
0x00007fffbbe50000 - 0x00007fffbbe63000 	C:\WINDOWS\SYSTEM32\MSASN1.dll
0x00007fffbb4f0000 - 0x00007fffbb50b000 	C:\WINDOWS\SYSTEM32\kernel.appcore.dll
0x00007ffee51f0000 - 0x00007ffee5707000 	D:\Vivada\Vivado\2019.1\lib\win64.o\librdi_commontasks.dll
0x00007fffac930000 - 0x00007fffac93b000 	C:\WINDOWS\SYSTEM32\VERSION.dll
0x00007fff6b920000 - 0x00007fff6bba6000 	D:\Vivada\Vivado\2019.1\lib\win64.o\librdi_sio.dll
0x000000006ea50000 - 0x000000006f475000 	D:\Vivada\Vivado\2019.1\tps\win64\jre9.0.4\bin\server\jvm.dll
0x00007fffbb030000 - 0x00007fffbb064000 	C:\WINDOWS\SYSTEM32\IPHLPAPI.DLL
0x00007fffbd700000 - 0x00007fffbd708000 	C:\WINDOWS\System32\PSAPI.DLL
0x00007fffb6db0000 - 0x00007fffb6de5000 	C:\WINDOWS\SYSTEM32\WINMM.dll
0x00007fff80670000 - 0x00007fff8075f000 	C:\WINDOWS\SYSTEM32\MSVCR120.dll
0x00007fffbba60000 - 0x00007fffbbacb000 	C:\WINDOWS\SYSTEM32\MSWSOCK.DLL
0x00007ffeab600000 - 0x00007ffeadabc000 	D:\Vivada\Vivado\2019.1\lib\win64.o\librdi_tcltasks.dll
0x00007ffee2e70000 - 0x00007ffee3278000 	D:\Vivada\Vivado\2019.1\lib\win64.o\librdi_bitstream.dll
0x00007fff4c4a0000 - 0x00007fff4c631000 	D:\Vivada\Vivado\2019.1\lib\win64.o\librdi_board.dll
0x00007fff80520000 - 0x00007fff80598000 	D:\Vivada\Vivado\2019.1\lib\win64.o\librdi_boarddep.dll
0x00007fff70b30000 - 0x00007fff70c1b000 	D:\Vivada\Vivado\2019.1\lib\win64.o\librdi_chipscope.dll
0x00007fff3e540000 - 0x00007fff3e6fd000 	D:\Vivada\Vivado\2019.1\lib\win64.o\librdi_chipscopeimpl.dll
0x00007fff4c970000 - 0x00007fff4cac6000 	D:\Vivada\Vivado\2019.1\lib\win64.o\librdi_containers.dll
0x00007ffed73e0000 - 0x00007ffed9291000 	D:\Vivada\Vivado\2019.1\lib\win64.o\librdi_coregen.dll
0x00007ffede0d0000 - 0x00007ffede7aa000 	D:\Vivada\Vivado\2019.1\lib\win64.o\librdi_coregenipxact.dll
0x00007ffe968e0000 - 0x00007ffe9a923000 	D:\Vivada\Vivado\2019.1\lib\win64.o\librdi_designutils.dll
0x00007fff3dd10000 - 0x00007fff3e02e000 	D:\Vivada\Vivado\2019.1\lib\win64.o\librdi_dlyest.dll
0x00007fff6a8d0000 - 0x00007fff6a994000 	D:\Vivada\Vivado\2019.1\lib\win64.o\librdi_dsp.dll
0x00007ffedc930000 - 0x00007ffedceca000 	D:\Vivada\Vivado\2019.1\lib\win64.o\librdi_drc.dll
0x00007ffeb2450000 - 0x00007ffeb3e3a000 	D:\Vivada\Vivado\2019.1\lib\win64.o\librdi_constraints.dll
0x00007fff2ea90000 - 0x00007fff2ed73000 	D:\Vivada\Vivado\2019.1\lib\win64.o\librdi_guitools.dll
0x00007ffedb470000 - 0x00007ffedbabd000 	D:\Vivada\Vivado\2019.1\lib\win64.o\librdi_filemgmt.dll
0x00007fff800c0000 - 0x00007fff80125000 	D:\Vivada\Vivado\2019.1\lib\win64.o\librdi_hdf.dll
0x00007ffedae50000 - 0x00007ffedb465000 	D:\Vivada\Vivado\2019.1\lib\win64.o\librdi_memdata.dll
0x00007ffea5700000 - 0x00007ffea6cc0000 	D:\Vivada\Vivado\2019.1\lib\win64.o\librdi_implflow.dll
0x00007fff74930000 - 0x00007fff749a3000 	D:\Vivada\Vivado\2019.1\lib\win64.o\librdi_memoryarray.dll
0x00007ffe8d800000 - 0x00007ffe904e6000 	D:\Vivada\Vivado\2019.1\lib\win64.o\librdi_mig.dll
0x00007ffeda7a0000 - 0x00007ffedae42000 	D:\Vivada\Vivado\2019.1\lib\win64.o\librdi_netlist.dll
0x00007fff8bbf0000 - 0x00007fff8bc3b000 	D:\Vivada\Vivado\2019.1\lib\win64.o\librdi_pfi.dll
0x00007ffe5cbe0000 - 0x00007ffe6f00c000 	D:\Vivada\Vivado\2019.1\lib\win64.o\librdi_device.dll
0x00007ffefb8a0000 - 0x00007ffefbbaf000 	D:\Vivada\Vivado\2019.1\lib\win64.o\librdi_platform.dll
0x00007ffea06b0000 - 0x00007ffea2d26000 	D:\Vivada\Vivado\2019.1\lib\win64.o\librdi_place.dll
0x00007ffed9b30000 - 0x00007ffeda27a000 	D:\Vivada\Vivado\2019.1\lib\win64.o\librdi_power.dll
0x00007ffed61c0000 - 0x00007ffed68c9000 	D:\Vivada\Vivado\2019.1\lib\win64.o\librdi_psta.dll
0x00007ffee2a70000 - 0x00007ffee2e61000 	D:\Vivada\Vivado\2019.1\lib\win64.o\librdi_runs.dll
0x00007ffed4e90000 - 0x00007ffed5596000 	D:\Vivada\Vivado\2019.1\lib\win64.o\librdi_rsb.dll
0x00007fff66db0000 - 0x00007fff66eaa000 	D:\Vivada\Vivado\2019.1\lib\win64.o\librdi_runsbase.dll
0x00007ffed5710000 - 0x00007ffed5c8f000 	D:\Vivada\Vivado\2019.1\lib\win64.o\librdi_project.dll
0x00007fff309c0000 - 0x00007fff30c16000 	D:\Vivada\Vivado\2019.1\lib\win64.o\librdi_simdata.dll
0x00007ffeaf2d0000 - 0x00007ffeb00e1000 	D:\Vivada\Vivado\2019.1\lib\win64.o\librdi_timing.dll
0x00007fff3d820000 - 0x00007fff3d992000 	D:\Vivada\Vivado\2019.1\lib\win64.o\librdi_advchipscopeimpl.dll
0x00007fff30e10000 - 0x00007fff30faf000 	D:\Vivada\Vivado\2019.1\lib\win64.o\librdi_hip_devdesign.dll
0x00007fff7ee90000 - 0x00007fff7eed3000 	D:\Vivada\Vivado\2019.1\lib\win64.o\librdi_noc_frameworks.dll
0x00007fff7e800000 - 0x00007fff7e84c000 	D:\Vivada\Vivado\2019.1\lib\win64.o\libboost_serialization.dll
0x00007ffedfb60000 - 0x00007ffedff45000 	D:\Vivada\Vivado\2019.1\lib\win64.o\librdi_hip_config.dll
0x00007ffea4bb0000 - 0x00007ffea56f7000 	D:\Vivada\Vivado\2019.1\lib\win64.o\libverific.dll
0x00007ffeae320000 - 0x00007ffeae86e000 	D:\Vivada\Vivado\2019.1\lib\win64.o\librdi_xdm.dll
0x00007fff6e6c0000 - 0x00007fff6e75e000 	D:\Vivada\Vivado\2019.1\lib\win64.o\libise.dll
0x00007fff875c0000 - 0x00007fff87600000 	D:\Vivada\Vivado\2019.1\lib\win64.o\librdi_wavedata_SimpleApi.dll
0x00007ffea45b0000 - 0x00007ffea4bac000 	D:\Vivada\Vivado\2019.1\lib\win64.o\librdi_wavedata.dll
0x00007fff66b20000 - 0x00007fff66be2000 	D:\Vivada\Vivado\2019.1\lib\win64.o\librdi_ipconfig_readwrite.dll
0x00007fff7d2f0000 - 0x00007fff7d32f000 	D:\Vivada\Vivado\2019.1\lib\win64.o\librdi_schedmon.dll
0x00007fff6ab10000 - 0x00007fff6ab98000 	D:\Vivada\Vivado\2019.1\lib\win64.o\librdi_meir_core.dll
0x00007ffe7b480000 - 0x00007ffe7c60d000 	D:\Vivada\Vivado\2019.1\lib\win64.o\librdi_route.dll

VM Arguments:
jvm_args: -Dsun.java2d.pmoffscreen=false -Dsun.java2d.xrender=false -Dsun.java2d.d3d=false -Dsun.awt.nopixfmt=true -Dsun.java2d.dpiaware=true -Dsun.java2d.uiScale.enabled=false -Xverify:none -Dswing.aatext=true -XX:-UsePerfData -Djdk.map.althashing.threshold=512 -XX:StringTableSize=4072 --add-opens=java.base/java.nio=ALL-UNNAMED --add-opens=java.desktop/sun.swing=ALL-UNNAMED --add-opens=java.desktop/javax.swing=ALL-UNNAMED --add-opens=java.desktop/javax.swing.tree=ALL-UNNAMED --add-opens=java.desktop/javax.swing.plaf.basic=ALL-UNNAMED --add-opens=java.desktop/javax.swing.plaf.synth=ALL-UNNAMED --add-opens=java.desktop/com.sun.awt=ALL-UNNAMED -XX:NewSize=60m -XX:MaxNewSize=60m -Xms128m -Xmx3072m -Xss5m 
java_command: <unknown>
java_class_path (initial): D:/Vivada/Vivado/2019.1\lib\classes\alloy.jar;D:/Vivada/Vivado/2019.1\lib\classes\autopilot.scelaborator.jar;D:/Vivada/Vivado/2019.1\lib\classes\autopilot.sourceprocessor.jar;D:/Vivada/Vivado/2019.1\lib\classes\autopilot.tbprocessor.jar;D:/Vivada/Vivado/2019.1\lib\classes\batik-anim.jar;D:/Vivada/Vivado/2019.1\lib\classes\batik-awt-util.jar;D:/Vivada/Vivado/2019.1\lib\classes\batik-bridge.jar;D:/Vivada/Vivado/2019.1\lib\classes\batik-codec.jar;D:/Vivada/Vivado/2019.1\lib\classes\batik-css.jar;D:/Vivada/Vivado/2019.1\lib\classes\batik-dom.jar;D:/Vivada/Vivado/2019.1\lib\classes\batik-ext.jar;D:/Vivada/Vivado/2019.1\lib\classes\batik-gui-util.jar;D:/Vivada/Vivado/2019.1\lib\classes\batik-gvt.jar;D:/Vivada/Vivado/2019.1\lib\classes\batik-parser.jar;D:/Vivada/Vivado/2019.1\lib\classes\batik-script.jar;D:/Vivada/Vivado/2019.1\lib\classes\batik-svg-dom.jar;D:/Vivada/Vivado/2019.1\lib\classes\batik-swing.jar;D:/Vivada/Vivado/2019.1\lib\classes\batik-transcoder.jar;D:/Vivada/Vivado/2019.1\lib\classes\batik-util.jar;D:/Vivada/Vivado/2019.1\lib\classes\batik-xml.jar;D:/Vivada/Vivado/2019.1\lib\classes\com.google.gson_2.7.0.v20170129-0911.jar;D:/Vivada/Vivado/2019.1\lib\classes\com.google.guava_21.0.0.v20170206-1425.jar;D:/Vivada/Vivado/2019.1\lib\classes\com.google.inject_3.0.0.v201605172100.jar;D:/Vivada/Vivado/2019.1\lib\classes\com.ibm.icu_4.4.2.v20110208.jar;D:/Vivada/Vivado/2019.1\lib\classes\com.sigasi.hdt.annotations.runtime_4.3.0.201903071210.jar;D:/Vivada/Vivado/2019.1\lib\classes\com.sigasi.hdt.blockdiagram.model_4.3.0.201903071210.jar;D:/Vivada/Vivado/2019.1\lib\classes\com.sigasi.hdt.connection_4.3.0.201903071210.jar;D:/Vivada/Vivado/2019.1\lib\classes\com.sigasi.hdt.dependencies.model_4.3.0.201903071210.jar;D:/Vivada/Vivado/2019.1\lib\classes\com.sigasi.hdt.epl_4.3.0.201903071210.jar;D:/Vivada/Vivado/2019.1\lib\classes\com.sigasi.hdt.graphics.model_4.3.0.201903071210.jar;D:/Vivada/Vivado/2019.1\lib\classes\com.sigasi.hdt.project_4.3.0
Launcher Type: generic

Logging:
Log output configuration:
#0: stdout all=warning uptime,level,tags
#1: stderr all=off uptime,level,tags

Environment Variables:
PATH=D:/Vivada/Vivado/2019.1/bin;D:/Vivada/Vivado/2019.1/lib/win64.o;D:/Vivada/Vivado/2019.1/tps/win64/jre9.0.4/bin/server;D:/Vivada/Vivado/2019.1/tps/win64/jre9.0.4/bin;D:/Vivada/SDK/2019.1/bin;D:/Vivada/Vivado/2019.1/ids_lite/ISE/bin/nt64;D:/Vivada/Vivado/2019.1/ids_lite/ISE/lib/nt64;C:\Program Files\NVIDIA GPU Computing Toolkit\CUDA\v12.0\bin;C:\Program Files\NVIDIA GPU Computing Toolkit\CUDA\v12.0\libnvvp;D:\Program Files (x86)\VMware\VMware Workstation\bin\;C:\Program Files\Common Files\Oracle\Java\javapath;C:\WINDOWS\system32;C:\WINDOWS;C:\WINDOWS\System32\Wbem;C:\WINDOWS\System32\WindowsPowerShell\v1.0\;C:\WINDOWS\System32\OpenSSH\;D:\Windows Kits\10\Windows Performance Toolkit\;D:\Program Files\MATLAB\R2023b\bin;C:\Program Files\dotnet\;D:\Program Files\Go\bin;D:\Program Files\Git\cmd;C:\Program Files\NVIDIA Corporation\Nsight Compute 2022.4.0\;C:\Program Files (x86)\NVIDIA Corporation\PhysX\Common;D:\Program Files\PuTTY\;C:\Users\wufan\miniconda3;C:\Users\wufan\miniconda3\Library\mingw-w64\bin;C:\Users\wufan\miniconda3\Library\usr\bin;C:\Users\wufan\miniconda3\Library\bin;C:\Users\wufan\miniconda3\Scripts;C:\Users\wufan\AppData\Local\Programs\Python\Python39-32\Scripts\;C:\Users\wufan\AppData\Local\Programs\Python\Python39-32\;C:\Program Files\MySQL\MySQL Shell 8.0\bin\;C:\Users\wufan\AppData\Local\Microsoft\WindowsApps;D:\Program Files\JetBrains\PyCharm Community Edition 2022.2.2\bin;;C:\Users\wufan\AppData\Local\Programs\Microsoft VS Code\bin;C:\Users\wufan\.dotnet\tools;D:\Program Files\MSYS2\ucrt64\bin;C:\Users\wufan\go\bin;D:\ProgramData\GnuWin32\bin;D:/Vivada/Vivado/2019.1\tps\mingw\6.2.0\win64.o\nt\bin;D:/Vivada/Vivado/2019.1\tps\mingw\6.2.0\win64.o\nt\libexec\gcc\x86_64-w64-mingw32\6.2.0;D:/Vivada/Vivado/2019.1\tps\win64\python-2.7.5;D:/Vivada/Vivado/2019.1\tps\win64\python-2.7.5\lib;D:/Vivada/Vivado/2019.1\tps\win64\python-2.7.5\Lib\lib-tk;D:/Vivada/Vivado/2019.1\tps\win64\python-2.7.5\lib\site-packages
USERNAME=wufan
OS=Windows_NT
PROCESSOR_IDENTIFIER=Intel64 Family 6 Model 170 Stepping 4, GenuineIntel



---------------  S Y S T E M  ---------------

OS: Windows 10 , 64 bit Build 26100 (10.0.26100.7019)

CPU:total 18 (initial active 18) (9 cores per cpu, 2 threads per core) family 6 model 170 stepping 4, cmov, cx8, fxsr, mmx, sse, sse2, sse3, ssse3, sse4.1, sse4.2, popcnt, avx, avx2, aes, clmul, erms, 3dnowpref, lzcnt, ht, tsc, tscinvbit, bmi1, bmi2, adx, sha, fma

Memory: 4k page, physical 32993520k(13027472k free), swap 39540136k(7444232k free)

vm_info: Java HotSpot(TM) 64-Bit Server VM (9.0.4+11) for windows-amd64 JRE (9.0.4+11), built on Dec 20 2017 02:18:54 by "mach5one" with MS VC++ 12.0 (VS2013)

END.
